23842:APP_OPEN:startTime=1753349939726
30577:GENERAL_SHOW_PERSPECTIVE:perspective=org.jkiss.dbeaver.core.perspective
30577:GENERAL_VIEW_OPEN:view=org.jkiss.dbeaver.core.projectNavigator
30578:GENERAL_VIEW_OPEN:view=org.jkiss.dbeaver.core.projectExplorer
31270:Open connection:origin=local&driver=oracle:oracle_thin
31489:SQL_EDITOR_OPEN:driver=oracle:oracle_thin
6012685:Test connection:driver=oracle:oracle_thin
6016247:Create connection:driver=oracle:oracle_thin
6019772:Open connection:origin=local&driver=oracle:oracle_thin
6107833:Test connection:driver=oracle:oracle_thin
6110057:Create connection:driver=oracle:oracle_thin
6118699:Open connection:origin=local&driver=oracle:oracle_thin
6184616:SQL_SCRIPT_NEW
6217202:SQL_EDITOR_OPEN:driver=oracle:oracle_thin
6237823:SQL_SCRIPT_NEW
6243530:SQL_EDITOR_OPEN:driver=oracle:oracle_thin
6388444:SQL_EDITOR_EXECUTE_QUERY
6430458:SQL_EDITOR_EXECUTE_QUERY
6640045:SQL_EDITOR_EXECUTE_QUERY
6660765:SQL_EDITOR_EXECUTE_QUERY
6709322:SQL_EDITOR_EXECUTE_QUERY
6723231:SQL_EDITOR_EXECUTE_QUERY
6814015:SQL_EDITOR_EXECUTE_QUERY
6817166:SQL_EDITOR_EXECUTE_QUERY
6830857:ENTITY_EDITOR_OPEN:className=OracleSchema&driver=oracle:oracle_thin
6845817:ENTITY_EDITOR_OPEN:className=OracleTable&driver=oracle:oracle_thin
6952150:SQL_EDITOR_EXECUTE_QUERY
6956754:SQL_EDITOR_EXECUTE_QUERY
6968457:SQL_EDITOR_EXECUTE_QUERY
7072369:SQL_EDITOR_EXECUTE_QUERY
7075043:SQL_EDITOR_EXECUTE_QUERY
7086276:ENTITY_EDITOR_OPEN:className=OracleTable&driver=oracle:oracle_thin
7115821:ENTITY_EDITOR_OPEN:className=OracleTable&driver=oracle:oracle_thin
7138081:SQL_EDITOR_EXECUTE_QUERY
7142084:SQL_EDITOR_EXECUTE_QUERY
7227561:SQL_EDITOR_EXECUTE_QUERY
7229757:SQL_EDITOR_EXECUTE_QUERY
7303728:SQL_EDITOR_EXECUTE_QUERY
7309261:SQL_EDITOR_EXECUTE_QUERY
7504651:SQL_EDITOR_EXECUTE_QUERY
7542146:SQL_EDITOR_EXECUTE_QUERY
7589242:ENTITY_EDITOR_OPEN:className=OracleTable&driver=oracle:oracle_thin
7596282:SQL_EDITOR_EXECUTE_QUERY
7613484:SQL_EDITOR_EXECUTE_QUERY
7732819:SQL_EDITOR_EXECUTE_QUERY
7760854:SQL_EDITOR_EXECUTE_QUERY
7843795:SQL_EDITOR_EXECUTE_QUERY
7916627:SQL_EDITOR_EXECUTE_QUERY
7919261:SQL_EDITOR_EXECUTE_QUERY
7954294:ENTITY_EDITOR_OPEN:className=OracleTable&driver=oracle:oracle_thin
8941622:SQL_EDITOR_EXECUTE_QUERY
8949050:SQL_EDITOR_EXECUTE_QUERY
8982530:SQL_EDITOR_EXECUTE_QUERY
9001328:SQL_EDITOR_EXECUTE_QUERY
9015780:SQL_EDITOR_EXECUTE_QUERY
9025770:SQL_EDITOR_EXECUTE_QUERY
9029385:SQL_EDITOR_EXECUTE_QUERY
9032175:SQL_EDITOR_EXECUTE_QUERY
9036556:SQL_EDITOR_EXECUTE_QUERY
9040296:SQL_EDITOR_EXECUTE_QUERY
9042967:SQL_EDITOR_EXECUTE_QUERY
9046898:SQL_EDITOR_EXECUTE_QUERY
9050686:SQL_EDITOR_EXECUTE_QUERY
9056614:SQL_EDITOR_EXECUTE_QUERY
9554719:SQL_EDITOR_EXECUTE_QUERY
9560089:SQL_EDITOR_EXECUTE_QUERY
9605235:SQL_EDITOR_EXECUTE_QUERY
9617556:SQL_EDITOR_EXECUTE_QUERY
9646902:SQL_EDITOR_EXECUTE_QUERY
9781427:SQL_EDITOR_EXECUTE_QUERY
9790836:SQL_EDITOR_EXECUTE_QUERY
9798869:SQL_EDITOR_EXECUTE_QUERY
9812579:SQL_EDITOR_EXECUTE_QUERY
9838041:SQL_EDITOR_EXECUTE_QUERY
9862296:SQL_EDITOR_EXECUTE_QUERY
9889359:SQL_EDITOR_EXECUTE_QUERY
9894934:SQL_EDITOR_EXECUTE_QUERY
9937514:SQL_EDITOR_EXECUTE_QUERY
9944374:SQL_EDITOR_EXECUTE_QUERY
10006531:SQL_EDITOR_EXECUTE_QUERY
10009754:SQL_EDITOR_EXECUTE_QUERY
10015448:SQL_EDITOR_EXECUTE_QUERY
10017804:SQL_EDITOR_EXECUTE_QUERY
10026840:SQL_EDITOR_EXECUTE_QUERY
10049568:SQL_EDITOR_EXECUTE_QUERY
10052212:SQL_EDITOR_EXECUTE_QUERY
10059216:SQL_EDITOR_EXECUTE_QUERY
10064559:SQL_EDITOR_EXECUTE_QUERY
10067641:SQL_EDITOR_EXECUTE_QUERY
10200867:SQL_EDITOR_OPEN:driver=oracle:oracle_thin
11517761:SQL_EDITOR_EXECUTE_QUERY
11536704:SQL_EDITOR_EXECUTE_QUERY
11543991:SQL_EDITOR_EXECUTE_QUERY
11598695:SQL_EDITOR_EXECUTE_QUERY
11616803:SQL_EDITOR_EXECUTE_QUERY
11626537:SQL_EDITOR_EXECUTE_QUERY
11629482:SQL_EDITOR_EXECUTE_QUERY
11632569:SQL_EDITOR_EXECUTE_QUERY
11636724:SQL_EDITOR_EXECUTE_QUERY
11641161:SQL_EDITOR_EXECUTE_QUERY
11643663:SQL_EDITOR_EXECUTE_QUERY
11646397:SQL_EDITOR_EXECUTE_QUERY
11649337:SQL_EDITOR_EXECUTE_QUERY
11657399:SQL_EDITOR_EXECUTE_QUERY
