2025-07-24 18:39:01.191 - DBeaver 24.3.0.202412011650 is starting
2025-07-24 18:39:01.192 - OS: Windows 11 10.0 (amd64)
2025-07-24 18:39:01.192 - Java version: 17.0.6 by Eclipse Adoptium (64bit)
2025-07-24 18:39:01.192 - Install path: 'D:\web_1900_lyj\dbms\resource\dbeaver-ce-24.3.0-win32.win32.x86_64\dbeaver'
2025-07-24 18:39:01.193 - Instance path: 'file:/D:/web_1900_lyj/dbms/workspace/'
2025-07-24 18:39:01.195 - Memory available 64Mb/1024Mb
2025-07-24 18:39:01.195 - Platform not initialized: metadata folder may be not set
2025-07-24 18:39:01.214 - Create display
2025-07-24 18:39:01.383 - Initialize desktop platform...
2025-07-24 18:39:01.541 - BounceCastle bundle found. Use JCE provider BC
> Start Core File Systems [org.eclipse.core.filesystem 1.11.0.v20240824-0952]
> Start Core Resource Management [org.eclipse.core.resources 3.21.0.v20240805-1607]
> Start Team Support Core [org.eclipse.team.core 3.10.500.v20240621-0541]
> Start DBeaver UI Navigator [org.jkiss.dbeaver.ui.navigator 1.0.144.202412011650]
2025-07-24 18:39:01.941 - Initialize base platform...
> Start DBeaver UI Editors - Base [org.jkiss.dbeaver.ui.editors.base 1.0.144.202412011650]
2025-07-24 18:39:01.976 - send collected statistics
2025-07-24 18:39:01.999 - Platform initialized (616ms)
2025-07-24 18:39:02.054 - Starting instance server at http://localhost:50949
2025-07-24 18:39:02.078 - Run workbench
> Start Eclipse e4 Workbench SWT [org.eclipse.e4.ui.workbench.swt 0.17.500.v20240807-0911]
> Start Eclipse Application Services [org.eclipse.e4.core.services 2.4.400.v20240413-1529]
> Start Eclipse UI Application Services [org.eclipse.e4.ui.services 1.6.300.v20231201-1637]
> Start Eclipse e4 Progress View [org.eclipse.e4.ui.progress 0.4.600.v20240606-1020]
> Start Eclipse Bindings Support [org.eclipse.e4.ui.bindings 0.14.400.v20240321-1245]
> Start Eclipse e4 core commands [org.eclipse.e4.core.commands 1.1.400.v20240424-0444]
> Start EMF XML/XMI Persistence [org.eclipse.emf.ecore.xmi 2.38.0.v20240721-0634]
> Start Eclipse CSS SWT Theme Support [org.eclipse.e4.ui.css.swt.theme 0.14.400.v20240424-0956]
> Start Eclipse e4 Workbench Add-ons [org.eclipse.e4.ui.workbench.addons.swt 1.5.500.v20240620-1945]
> Start Eclipse e4 Workbench SWT Renderer [org.eclipse.e4.ui.workbench.renderers.swt 0.16.500.v20240727-1037]
> Start Eclipse Dependency Injection Extensions [org.eclipse.e4.core.di.extensions 0.18.300.v20240413-1529]
> Start Eclipse CSS SWT Support [org.eclipse.e4.ui.css.swt 0.15.400.v20240321-1245]
> Start Default Text Editor [org.eclipse.ui.editors 3.18.0.v20240807-0735]
> Start Text Editor Framework [org.eclipse.ui.workbench.texteditor 3.18.0.v20240819-1419]
2025-07-24 18:39:24.725 - Configure workbench window
> Start DBeaver SQL Model [org.jkiss.dbeaver.model.sql 1.0.134.202412011650]
2025-07-24 18:39:25.110 - Script dialect 'gbase8s' not found in registry (for data source provider gbase8s). Use default.
2025-07-24 18:39:25.256 - Total database drivers: 121 (121)
> Start Help System Core [org.eclipse.help 3.10.400.v20240415-0528]
2025-07-24 18:39:25.417 - Create actions
2025-07-24 18:39:25.424 - Disable Eclipse action set 'org.eclipse.ui.edit.text.actionSet.annotationNavigation'
2025-07-24 18:39:25.426 - Disable Eclipse action set 'org.eclipse.ui.WorkingSetActionSet'
2025-07-24 18:39:25.426 - Disable Eclipse action set 'org.eclipse.ui.actionSet.openFiles'
2025-07-24 18:39:25.427 - Create workbench actions
2025-07-24 18:39:26.507 - Initialize workbench window
2025-07-24 18:39:26.527 - Finish initialization
> Start DBeaver UI Editors - Data [org.jkiss.dbeaver.ui.editors.data 1.0.144.202412011650]
Warning: NLS unused message: actions_navigator__objects in: org.jkiss.dbeaver.ui.editors.sql.internal.SQLEditorMessages
> Start DBeaver UI Editors - SQL [org.jkiss.dbeaver.ui.editors.sql 1.0.144.202412011650]
> Start DBeaver SQL Terminal [org.jkiss.dbeaver.ui.editors.sql.terminal 1.0.120.202412011650]
> Start Core Compare Support [org.eclipse.compare.core 3.8.500.v20240524-2010]
> Start Internet Connection Management UI [org.eclipse.ui.net 1.5.400.v20240413-1529]
> Start Internet Connection Management [org.eclipse.core.net 1.5.500.v20240625-1706]
> Start DBeaver Sample Database [org.jkiss.dbeaver.ext.sample.database 1.0.181.202412011650]
> Start DBeaver Tip of the day [org.jkiss.dbeaver.ext.ui.tipoftheday 1.0.150.202412011650]
> Start GEF Classic Draw2d [org.eclipse.draw2d 3.17.0.202409021815]
> Start GEF Classic GEF (MVC) [org.eclipse.gef 3.19.0.202409021815]
> Start DBeaver ERD UI [org.jkiss.dbeaver.erd.ui 3.0.104.202412011650]
> Start DBeaver ERD Model [org.jkiss.dbeaver.erd.model 1.0.104.202412011650]
> Start DBeaver Dashboard UI [org.jkiss.dbeaver.ui.dashboard 1.0.141.202412011650]
> Start DBeaver UI Editors - Connections [org.jkiss.dbeaver.ui.editors.connection 1.0.135.202412011650]
> Start DBeaver JDBC Model [org.jkiss.dbeaver.model.jdbc 1.0.37.202412011650]
> Start DBeaver Oracle Model [org.jkiss.dbeaver.ext.oracle 2.1.229.202412011650]
> Start Console [org.eclipse.ui.console 3.14.100.v20240429-1358]
> Start Debug Core [org.eclipse.debug.core 3.21.500.v20240801-2219]
2025-07-24 18:39:31.907 - Connect with 'localhost' (oracle_thin-198319e790d-1af6fb2fe7be337)
> Start DBeaver SQL Language Semantic Model [org.jkiss.dbeaver.model.lsm 1.0.39.202412011650]
2025-07-24 18:39:31.948 - Execution context opened (localhost; Main; 0)
2025-07-24 18:39:32.606 - Execution context opened (localhost; Metadata; 1)
2025-07-24 18:39:32.708 - Connected (oracle_thin-198319e790d-1af6fb2fe7be337, Oracle JDBC driver [11.2.0.2.0])
2025-07-24 18:39:32.711 - Execution context opened (localhost; SQLEditor <day03(테이블생성, 값삽입).sql>; 2)
2025-07-24 18:39:33.086 - Open [https://dbeaver.io/product/version.xml]
> Start DBeaver Tasks - Native Tools UI [org.jkiss.dbeaver.tasks.native.ui 1.0.122.202412011650]
> Start DBeaver Oracle UI [org.jkiss.dbeaver.ext.oracle.ui 1.0.131.202412011650]
> Start DBeaver Tasks - General UI [org.jkiss.dbeaver.tasks.ui 1.0.122.202412011650]
2025-07-24 20:18:47.337 - Auth model 'native' was replaced by 'oracle_native'
2025-07-24 20:18:47.366 - Service 'org.jkiss.dbeaver.runtime.ui.UIServiceSecurity' not found
2025-07-24 20:19:12.451 - Connect with 'jdbc:oracle:thin:@//localhost:1521/xe' (oracle_thin-1983c28a11a-3453c587b2309416)
2025-07-24 20:19:12.452 - Execution context opened (jdbc:oracle:thin:@//localhost:1521/xe; Main; 3)
2025-07-24 20:19:12.501 - Connected (oracle_thin-1983c28a11a-3453c587b2309416, Oracle JDBC driver [11.2.0.2.0])
2025-07-24 20:19:12.516 - Execution context closed (jdbc:oracle:thin:@//localhost:1521/xe, 3)
2025-07-24 20:19:12.516 - Disconnected (oracle_thin-1983c28a11a-3453c587b2309416)
2025-07-24 20:19:19.499 - Connect with 'localhost' (oracle_thin-1983c283e96-595464bd267aad15)
2025-07-24 20:19:19.500 - Execution context opened (localhost; Main; 4)
2025-07-24 20:19:19.529 - Execution context opened (localhost; Metadata; 5)
2025-07-24 20:19:19.556 - Connected (oracle_thin-1983c283e96-595464bd267aad15, Oracle JDBC driver [11.2.0.2.0])
2025-07-24 20:20:31.127 - Auth model 'native' was replaced by 'oracle_native'
2025-07-24 20:20:31.139 - Service 'org.jkiss.dbeaver.runtime.ui.UIServiceSecurity' not found
2025-07-24 20:20:47.579 - Connect with 'jdbc:oracle:thin:@//localhost:1521/xe' (oracle_thin-1983c2a14c7-2995bc38245f478d)
2025-07-24 20:20:47.579 - Execution context opened (jdbc:oracle:thin:@//localhost:1521/xe; Main; 6)
2025-07-24 20:20:47.611 - Connected (oracle_thin-1983c2a14c7-2995bc38245f478d, Oracle JDBC driver [11.2.0.2.0])
2025-07-24 20:20:47.622 - Execution context closed (jdbc:oracle:thin:@//localhost:1521/xe, 6)
2025-07-24 20:20:47.622 - Disconnected (oracle_thin-1983c2a14c7-2995bc38245f478d)
2025-07-24 20:20:58.425 - Connect with 'localhost 2' (oracle_thin-1983c29d441-3b0e2f9f863d2d69)
2025-07-24 20:20:58.426 - Execution context opened (localhost 2; Main; 7)
2025-07-24 20:20:58.450 - Execution context opened (localhost 2; Metadata; 8)
2025-07-24 20:20:58.486 - Connected (oracle_thin-1983c29d441-3b0e2f9f863d2d69, Oracle JDBC driver [11.2.0.2.0])
2025-07-24 20:22:36.923 - Execution context opened (localhost; SQLEditor <Script.sql>; 9)
2025-07-24 20:23:03.250 - Execution context opened (localhost 2; SQLEditor <Script-1.sql>; 10)
2025-07-24 20:25:10.086 - Error while analyzing query text: -- 테이블 생성
CREATE TABLE TBL_USER (
	USER_ID VARCHAR2(30),
	USER_PW VARCHAR2(30),
	USER_NAME VARCHAR2(30),
	USER_AGE NUMBER,
	USER_GENDER VARCHAR2(10),
	USER_BIRTH DATE,
	CONSTRAINT PK_USER PRIMARY KEY()
)
java.lang.NullPointerException: Cannot invoke "org.jkiss.dbeaver.model.sql.semantics.SQLQuerySymbolEntry.isNotClassified()" because "columnRef" is null
	at org.jkiss.dbeaver.model.sql.semantics.model.ddl.SQLQueryTableConstraintSpec.propagateContext(SQLQueryTableConstraintSpec.java:98)
	at org.jkiss.dbeaver.model.sql.semantics.model.ddl.SQLQueryTableCreateModel.applyContext(SQLQueryTableCreateModel.java:121)
	at org.jkiss.dbeaver.model.sql.semantics.model.SQLQueryModel.propagateContext(SQLQueryModel.java:80)
	at org.jkiss.dbeaver.model.sql.semantics.SQLQueryModelRecognizer.recognizeQuery(SQLQueryModelRecognizer.java:156)
	at org.jkiss.dbeaver.model.sql.semantics.SQLQueryModelRecognizer.recognizeQuery(SQLQueryModelRecognizer.java:934)
	at org.jkiss.dbeaver.ui.editors.sql.semantics.SQLBackgroundParsingJob.doWork(SQLBackgroundParsingJob.java:660)
	at org.jkiss.dbeaver.ui.editors.sql.semantics.SQLBackgroundParsingJob$1.run(SQLBackgroundParsingJob.java:96)
	at org.jkiss.dbeaver.model.runtime.AbstractJob.run(AbstractJob.java:119)
	at org.eclipse.core.internal.jobs.Worker.run(Worker.java:63)
> Start DBeaver Data Transfer [org.jkiss.dbeaver.data.transfer 2.0.128.202412011650]
2025-07-24 20:32:50.850 - Can't get column 'EXTERNAL_NAME': 부적합한 열 이름
2025-07-24 20:32:50.850 - Can't get column 'ACCOUNT_STATUS': 부적합한 열 이름
2025-07-24 20:32:50.850 - Can't get column 'LOCK_DATE': 부적합한 열 이름
2025-07-24 20:32:50.850 - Can't get column 'EXPIRY_DATE': 부적합한 열 이름
2025-07-24 20:32:50.850 - Can't get column 'DEFAULT_TABLESPACE': 부적합한 열 이름
2025-07-24 20:32:50.850 - Can't get column 'TEMPORARY_TABLESPACE': 부적합한 열 이름
2025-07-24 20:32:50.850 - Can't get column 'PROFILE': 부적합한 열 이름
2025-07-24 20:32:50.850 - Can't get column 'INITIAL_RSRC_CONSUMER_GROUP': 부적합한 열 이름
2025-07-24 20:33:05.847 - Can't get column 'PLUGGED_IN': 부적합한 열 이름
2025-07-24 20:37:06.179 - Can't get column 'PLUGGED_IN': 부적합한 열 이름
2025-07-24 20:45:36.325 - SQL Error [942] [42000]: ORA-00942: table or view does not exist

org.jkiss.dbeaver.model.sql.DBSQLException: SQL Error [942] [42000]: ORA-00942: table or view does not exist

	at org.jkiss.dbeaver.model.impl.jdbc.exec.JDBCStatementImpl.executeStatement(JDBCStatementImpl.java:130)
	at org.jkiss.dbeaver.ui.editors.sql.execute.SQLQueryJob.executeStatement(SQLQueryJob.java:631)
	at org.jkiss.dbeaver.ui.editors.sql.execute.SQLQueryJob.lambda$2(SQLQueryJob.java:522)
	at org.jkiss.dbeaver.model.exec.DBExecUtils.tryExecuteRecover(DBExecUtils.java:192)
	at org.jkiss.dbeaver.ui.editors.sql.execute.SQLQueryJob.executeSingleQuery(SQLQueryJob.java:541)
	at org.jkiss.dbeaver.ui.editors.sql.execute.SQLQueryJob.extractData(SQLQueryJob.java:1016)
	at org.jkiss.dbeaver.ui.editors.sql.SQLEditor$QueryResultsContainer.readData(SQLEditor.java:4273)
	at org.jkiss.dbeaver.ui.controls.resultset.ResultSetJobDataRead.lambda$0(ResultSetJobDataRead.java:128)
	at org.jkiss.dbeaver.model.exec.DBExecUtils.tryExecuteRecover(DBExecUtils.java:192)
	at org.jkiss.dbeaver.ui.controls.resultset.ResultSetJobDataRead.run(ResultSetJobDataRead.java:126)
	at org.jkiss.dbeaver.ui.controls.resultset.ResultSetViewer$ResultSetDataPumpJob.run(ResultSetViewer.java:5166)
	at org.jkiss.dbeaver.model.runtime.AbstractJob.run(AbstractJob.java:119)
	at org.eclipse.core.internal.jobs.Worker.run(Worker.java:63)
Caused by: java.sql.SQLSyntaxErrorException: ORA-00942: table or view does not exist

	at oracle.jdbc.driver.T4CTTIoer.processError(T4CTTIoer.java:440)
	at oracle.jdbc.driver.T4CTTIoer.processError(T4CTTIoer.java:396)
	at oracle.jdbc.driver.T4C8Oall.processError(T4C8Oall.java:837)
	at oracle.jdbc.driver.T4CTTIfun.receive(T4CTTIfun.java:445)
	at oracle.jdbc.driver.T4CTTIfun.doRPC(T4CTTIfun.java:191)
	at oracle.jdbc.driver.T4C8Oall.doOALL(T4C8Oall.java:523)
	at oracle.jdbc.driver.T4CStatement.doOall8(T4CStatement.java:193)
	at oracle.jdbc.driver.T4CStatement.executeForDescribe(T4CStatement.java:848)
	at oracle.jdbc.driver.OracleStatement.executeMaybeDescribe(OracleStatement.java:1153)
	at oracle.jdbc.driver.OracleStatement.doExecuteWithTimeout(OracleStatement.java:1275)
	at oracle.jdbc.driver.OracleStatement.executeInternal(OracleStatement.java:1890)
	at oracle.jdbc.driver.OracleStatement.execute(OracleStatement.java:1855)
	at oracle.jdbc.driver.OracleStatementWrapper.execute(OracleStatementWrapper.java:304)
	at org.jkiss.dbeaver.model.impl.jdbc.exec.JDBCStatementImpl.execute(JDBCStatementImpl.java:344)
	at org.jkiss.dbeaver.model.impl.jdbc.exec.JDBCStatementImpl.executeStatement(JDBCStatementImpl.java:128)
	... 12 more
2025-07-24 20:45:36.419 - Error binding callable statement parameters from metadata: 지원되지 않는 기능입니다
2025-07-24 20:45:36.420 - Error obtaining output parameters from metadata: 지원되지 않는 기능입니다
2025-07-24 20:45:36.420 - Can't obtain procedure metadata nor jdbc metadata
2025-07-24 20:49:45.216 - SQL Error [942] [42000]: ORA-00942: table or view does not exist

org.jkiss.dbeaver.model.sql.DBSQLException: SQL Error [942] [42000]: ORA-00942: table or view does not exist

	at org.jkiss.dbeaver.model.impl.jdbc.exec.JDBCStatementImpl.executeStatement(JDBCStatementImpl.java:130)
	at org.jkiss.dbeaver.ui.editors.sql.execute.SQLQueryJob.executeStatement(SQLQueryJob.java:631)
	at org.jkiss.dbeaver.ui.editors.sql.execute.SQLQueryJob.lambda$2(SQLQueryJob.java:522)
	at org.jkiss.dbeaver.model.exec.DBExecUtils.tryExecuteRecover(DBExecUtils.java:192)
	at org.jkiss.dbeaver.ui.editors.sql.execute.SQLQueryJob.executeSingleQuery(SQLQueryJob.java:541)
	at org.jkiss.dbeaver.ui.editors.sql.execute.SQLQueryJob.extractData(SQLQueryJob.java:1016)
	at org.jkiss.dbeaver.ui.editors.sql.SQLEditor$QueryResultsContainer.readData(SQLEditor.java:4273)
	at org.jkiss.dbeaver.ui.controls.resultset.ResultSetJobDataRead.lambda$0(ResultSetJobDataRead.java:128)
	at org.jkiss.dbeaver.model.exec.DBExecUtils.tryExecuteRecover(DBExecUtils.java:192)
	at org.jkiss.dbeaver.ui.controls.resultset.ResultSetJobDataRead.run(ResultSetJobDataRead.java:126)
	at org.jkiss.dbeaver.ui.controls.resultset.ResultSetViewer$ResultSetDataPumpJob.run(ResultSetViewer.java:5166)
	at org.jkiss.dbeaver.model.runtime.AbstractJob.run(AbstractJob.java:119)
	at org.eclipse.core.internal.jobs.Worker.run(Worker.java:63)
Caused by: java.sql.SQLSyntaxErrorException: ORA-00942: table or view does not exist

	at oracle.jdbc.driver.T4CTTIoer.processError(T4CTTIoer.java:440)
	at oracle.jdbc.driver.T4CTTIoer.processError(T4CTTIoer.java:396)
	at oracle.jdbc.driver.T4C8Oall.processError(T4C8Oall.java:837)
	at oracle.jdbc.driver.T4CTTIfun.receive(T4CTTIfun.java:445)
	at oracle.jdbc.driver.T4CTTIfun.doRPC(T4CTTIfun.java:191)
	at oracle.jdbc.driver.T4C8Oall.doOALL(T4C8Oall.java:523)
	at oracle.jdbc.driver.T4CStatement.doOall8(T4CStatement.java:193)
	at oracle.jdbc.driver.T4CStatement.executeForRows(T4CStatement.java:999)
	at oracle.jdbc.driver.OracleStatement.doExecuteWithTimeout(OracleStatement.java:1315)
	at oracle.jdbc.driver.OracleStatement.executeInternal(OracleStatement.java:1890)
	at oracle.jdbc.driver.OracleStatement.execute(OracleStatement.java:1855)
	at oracle.jdbc.driver.OracleStatementWrapper.execute(OracleStatementWrapper.java:304)
	at org.jkiss.dbeaver.model.impl.jdbc.exec.JDBCStatementImpl.execute(JDBCStatementImpl.java:344)
	at org.jkiss.dbeaver.model.impl.jdbc.exec.JDBCStatementImpl.executeStatement(JDBCStatementImpl.java:128)
	... 12 more
2025-07-24 20:49:45.292 - Error binding callable statement parameters from metadata: 지원되지 않는 기능입니다
2025-07-24 20:49:45.292 - Error obtaining output parameters from metadata: 지원되지 않는 기능입니다
2025-07-24 20:49:45.292 - Can't obtain procedure metadata nor jdbc metadata
2025-07-24 20:50:56.471 - SQL Error [955] [42000]: ORA-00955: name is already used by an existing object

org.jkiss.dbeaver.model.sql.DBSQLException: SQL Error [955] [42000]: ORA-00955: name is already used by an existing object

	at org.jkiss.dbeaver.model.impl.jdbc.exec.JDBCStatementImpl.executeStatement(JDBCStatementImpl.java:130)
	at org.jkiss.dbeaver.ui.editors.sql.execute.SQLQueryJob.executeStatement(SQLQueryJob.java:631)
	at org.jkiss.dbeaver.ui.editors.sql.execute.SQLQueryJob.lambda$2(SQLQueryJob.java:522)
	at org.jkiss.dbeaver.model.exec.DBExecUtils.tryExecuteRecover(DBExecUtils.java:192)
	at org.jkiss.dbeaver.ui.editors.sql.execute.SQLQueryJob.executeSingleQuery(SQLQueryJob.java:541)
	at org.jkiss.dbeaver.ui.editors.sql.execute.SQLQueryJob.extractData(SQLQueryJob.java:1016)
	at org.jkiss.dbeaver.ui.editors.sql.SQLEditor$QueryResultsContainer.readData(SQLEditor.java:4273)
	at org.jkiss.dbeaver.ui.controls.resultset.ResultSetJobDataRead.lambda$0(ResultSetJobDataRead.java:128)
	at org.jkiss.dbeaver.model.exec.DBExecUtils.tryExecuteRecover(DBExecUtils.java:192)
	at org.jkiss.dbeaver.ui.controls.resultset.ResultSetJobDataRead.run(ResultSetJobDataRead.java:126)
	at org.jkiss.dbeaver.ui.controls.resultset.ResultSetViewer$ResultSetDataPumpJob.run(ResultSetViewer.java:5166)
	at org.jkiss.dbeaver.model.runtime.AbstractJob.run(AbstractJob.java:119)
	at org.eclipse.core.internal.jobs.Worker.run(Worker.java:63)
Caused by: java.sql.SQLSyntaxErrorException: ORA-00955: name is already used by an existing object

	at oracle.jdbc.driver.T4CTTIoer.processError(T4CTTIoer.java:440)
	at oracle.jdbc.driver.T4CTTIoer.processError(T4CTTIoer.java:396)
	at oracle.jdbc.driver.T4C8Oall.processError(T4C8Oall.java:837)
	at oracle.jdbc.driver.T4CTTIfun.receive(T4CTTIfun.java:445)
	at oracle.jdbc.driver.T4CTTIfun.doRPC(T4CTTIfun.java:191)
	at oracle.jdbc.driver.T4C8Oall.doOALL(T4C8Oall.java:523)
	at oracle.jdbc.driver.T4CStatement.doOall8(T4CStatement.java:193)
	at oracle.jdbc.driver.T4CStatement.executeForRows(T4CStatement.java:999)
	at oracle.jdbc.driver.OracleStatement.doExecuteWithTimeout(OracleStatement.java:1315)
	at oracle.jdbc.driver.OracleStatement.executeInternal(OracleStatement.java:1890)
	at oracle.jdbc.driver.OracleStatement.execute(OracleStatement.java:1855)
	at oracle.jdbc.driver.OracleStatementWrapper.execute(OracleStatementWrapper.java:304)
	at org.jkiss.dbeaver.model.impl.jdbc.exec.JDBCStatementImpl.execute(JDBCStatementImpl.java:344)
	at org.jkiss.dbeaver.model.impl.jdbc.exec.JDBCStatementImpl.executeStatement(JDBCStatementImpl.java:128)
	... 12 more
2025-07-24 20:50:56.554 - Error binding callable statement parameters from metadata: 지원되지 않는 기능입니다
2025-07-24 20:50:56.554 - Error obtaining output parameters from metadata: 지원되지 않는 기능입니다
2025-07-24 20:50:56.554 - Can't obtain procedure metadata nor jdbc metadata
2025-07-24 21:08:01.448 - SQL Error [1722] [42000]: ORA-01722: invalid number

org.jkiss.dbeaver.model.sql.DBSQLException: SQL Error [1722] [42000]: ORA-01722: invalid number

	at org.jkiss.dbeaver.model.impl.jdbc.exec.JDBCStatementImpl.executeStatement(JDBCStatementImpl.java:130)
	at org.jkiss.dbeaver.ui.editors.sql.execute.SQLQueryJob.executeStatement(SQLQueryJob.java:631)
	at org.jkiss.dbeaver.ui.editors.sql.execute.SQLQueryJob.lambda$2(SQLQueryJob.java:522)
	at org.jkiss.dbeaver.ui.editors.sql.execute.SQLQueryJob.executeSingleQuery(SQLQueryJob.java:544)
	at org.jkiss.dbeaver.ui.editors.sql.execute.SQLQueryJob.extractData(SQLQueryJob.java:1016)
	at org.jkiss.dbeaver.ui.editors.sql.SQLEditor$QueryResultsContainer.readData(SQLEditor.java:4273)
	at org.jkiss.dbeaver.ui.controls.resultset.ResultSetJobDataRead.lambda$0(ResultSetJobDataRead.java:128)
	at org.jkiss.dbeaver.model.exec.DBExecUtils.tryExecuteRecover(DBExecUtils.java:192)
	at org.jkiss.dbeaver.ui.controls.resultset.ResultSetJobDataRead.run(ResultSetJobDataRead.java:126)
	at org.jkiss.dbeaver.ui.controls.resultset.ResultSetViewer$ResultSetDataPumpJob.run(ResultSetViewer.java:5166)
	at org.jkiss.dbeaver.model.runtime.AbstractJob.run(AbstractJob.java:119)
	at org.eclipse.core.internal.jobs.Worker.run(Worker.java:63)
Caused by: java.sql.SQLSyntaxErrorException: ORA-01722: invalid number

	at oracle.jdbc.driver.T4CTTIoer.processError(T4CTTIoer.java:440)
	at oracle.jdbc.driver.T4CTTIoer.processError(T4CTTIoer.java:396)
	at oracle.jdbc.driver.T4C8Oall.processError(T4C8Oall.java:837)
	at oracle.jdbc.driver.T4CTTIfun.receive(T4CTTIfun.java:445)
	at oracle.jdbc.driver.T4CTTIfun.doRPC(T4CTTIfun.java:191)
	at oracle.jdbc.driver.T4C8Oall.doOALL(T4C8Oall.java:523)
	at oracle.jdbc.driver.T4CStatement.doOall8(T4CStatement.java:193)
	at oracle.jdbc.driver.T4CStatement.executeForRows(T4CStatement.java:999)
	at oracle.jdbc.driver.OracleStatement.doExecuteWithTimeout(OracleStatement.java:1315)
	at oracle.jdbc.driver.OracleStatement.executeInternal(OracleStatement.java:1890)
	at oracle.jdbc.driver.OracleStatement.execute(OracleStatement.java:1855)
	at oracle.jdbc.driver.OracleStatementWrapper.execute(OracleStatementWrapper.java:304)
	at org.jkiss.dbeaver.model.impl.jdbc.exec.JDBCStatementImpl.execute(JDBCStatementImpl.java:344)
	at org.jkiss.dbeaver.model.impl.jdbc.exec.JDBCStatementImpl.executeStatement(JDBCStatementImpl.java:128)
	... 11 more
2025-07-24 21:08:01.552 - Error binding callable statement parameters from metadata: 지원되지 않는 기능입니다
2025-07-24 21:08:01.552 - Error obtaining output parameters from metadata: 지원되지 않는 기능입니다
2025-07-24 21:08:01.552 - Can't obtain procedure metadata nor jdbc metadata
2025-07-24 21:08:08.871 - SQL Error [1722] [42000]: ORA-01722: invalid number

org.jkiss.dbeaver.model.sql.DBSQLException: SQL Error [1722] [42000]: ORA-01722: invalid number

	at org.jkiss.dbeaver.model.impl.jdbc.exec.JDBCStatementImpl.executeStatement(JDBCStatementImpl.java:130)
	at org.jkiss.dbeaver.ui.editors.sql.execute.SQLQueryJob.executeStatement(SQLQueryJob.java:631)
	at org.jkiss.dbeaver.ui.editors.sql.execute.SQLQueryJob.lambda$2(SQLQueryJob.java:522)
	at org.jkiss.dbeaver.ui.editors.sql.execute.SQLQueryJob.executeSingleQuery(SQLQueryJob.java:544)
	at org.jkiss.dbeaver.ui.editors.sql.execute.SQLQueryJob.extractData(SQLQueryJob.java:1016)
	at org.jkiss.dbeaver.ui.editors.sql.SQLEditor$QueryResultsContainer.readData(SQLEditor.java:4273)
	at org.jkiss.dbeaver.ui.controls.resultset.ResultSetJobDataRead.lambda$0(ResultSetJobDataRead.java:128)
	at org.jkiss.dbeaver.model.exec.DBExecUtils.tryExecuteRecover(DBExecUtils.java:192)
	at org.jkiss.dbeaver.ui.controls.resultset.ResultSetJobDataRead.run(ResultSetJobDataRead.java:126)
	at org.jkiss.dbeaver.ui.controls.resultset.ResultSetViewer$ResultSetDataPumpJob.run(ResultSetViewer.java:5166)
	at org.jkiss.dbeaver.model.runtime.AbstractJob.run(AbstractJob.java:119)
	at org.eclipse.core.internal.jobs.Worker.run(Worker.java:63)
Caused by: java.sql.SQLSyntaxErrorException: ORA-01722: invalid number

	at oracle.jdbc.driver.T4CTTIoer.processError(T4CTTIoer.java:440)
	at oracle.jdbc.driver.T4CTTIoer.processError(T4CTTIoer.java:396)
	at oracle.jdbc.driver.T4C8Oall.processError(T4C8Oall.java:837)
	at oracle.jdbc.driver.T4CTTIfun.receive(T4CTTIfun.java:445)
	at oracle.jdbc.driver.T4CTTIfun.doRPC(T4CTTIfun.java:191)
	at oracle.jdbc.driver.T4C8Oall.doOALL(T4C8Oall.java:523)
	at oracle.jdbc.driver.T4CStatement.doOall8(T4CStatement.java:193)
	at oracle.jdbc.driver.T4CStatement.executeForRows(T4CStatement.java:999)
	at oracle.jdbc.driver.OracleStatement.doExecuteWithTimeout(OracleStatement.java:1315)
	at oracle.jdbc.driver.OracleStatement.executeInternal(OracleStatement.java:1890)
	at oracle.jdbc.driver.OracleStatement.execute(OracleStatement.java:1855)
	at oracle.jdbc.driver.OracleStatementWrapper.execute(OracleStatementWrapper.java:304)
	at org.jkiss.dbeaver.model.impl.jdbc.exec.JDBCStatementImpl.execute(JDBCStatementImpl.java:344)
	at org.jkiss.dbeaver.model.impl.jdbc.exec.JDBCStatementImpl.executeStatement(JDBCStatementImpl.java:128)
	... 11 more
2025-07-24 21:08:09.003 - Error binding callable statement parameters from metadata: 지원되지 않는 기능입니다
2025-07-24 21:08:09.003 - Error obtaining output parameters from metadata: 지원되지 않는 기능입니다
2025-07-24 21:08:09.003 - Can't obtain procedure metadata nor jdbc metadata
2025-07-24 21:08:42.285 - Error binding callable statement parameters from metadata: 지원되지 않는 기능입니다
2025-07-24 21:08:42.285 - Error obtaining output parameters from metadata: 지원되지 않는 기능입니다
2025-07-24 21:08:42.285 - Can't obtain procedure metadata nor jdbc metadata
2025-07-24 21:08:42.374 - SQL Error [1722] [42000]: ORA-01722: invalid number

org.jkiss.dbeaver.model.sql.DBSQLException: SQL Error [1722] [42000]: ORA-01722: invalid number

	at org.jkiss.dbeaver.model.impl.jdbc.exec.JDBCStatementImpl.executeStatement(JDBCStatementImpl.java:130)
	at org.jkiss.dbeaver.ui.editors.sql.execute.SQLQueryJob.executeStatement(SQLQueryJob.java:631)
	at org.jkiss.dbeaver.ui.editors.sql.execute.SQLQueryJob.lambda$2(SQLQueryJob.java:522)
	at org.jkiss.dbeaver.ui.editors.sql.execute.SQLQueryJob.executeSingleQuery(SQLQueryJob.java:544)
	at org.jkiss.dbeaver.ui.editors.sql.execute.SQLQueryJob.extractData(SQLQueryJob.java:1016)
	at org.jkiss.dbeaver.ui.editors.sql.SQLEditor$QueryResultsContainer.readData(SQLEditor.java:4273)
	at org.jkiss.dbeaver.ui.controls.resultset.ResultSetJobDataRead.lambda$0(ResultSetJobDataRead.java:128)
	at org.jkiss.dbeaver.model.exec.DBExecUtils.tryExecuteRecover(DBExecUtils.java:192)
	at org.jkiss.dbeaver.ui.controls.resultset.ResultSetJobDataRead.run(ResultSetJobDataRead.java:126)
	at org.jkiss.dbeaver.ui.controls.resultset.ResultSetViewer$ResultSetDataPumpJob.run(ResultSetViewer.java:5166)
	at org.jkiss.dbeaver.model.runtime.AbstractJob.run(AbstractJob.java:119)
	at org.eclipse.core.internal.jobs.Worker.run(Worker.java:63)
Caused by: java.sql.SQLSyntaxErrorException: ORA-01722: invalid number

	at oracle.jdbc.driver.T4CTTIoer.processError(T4CTTIoer.java:440)
	at oracle.jdbc.driver.T4CTTIoer.processError(T4CTTIoer.java:396)
	at oracle.jdbc.driver.T4C8Oall.processError(T4C8Oall.java:837)
	at oracle.jdbc.driver.T4CTTIfun.receive(T4CTTIfun.java:445)
	at oracle.jdbc.driver.T4CTTIfun.doRPC(T4CTTIfun.java:191)
	at oracle.jdbc.driver.T4C8Oall.doOALL(T4C8Oall.java:523)
	at oracle.jdbc.driver.T4CStatement.doOall8(T4CStatement.java:193)
	at oracle.jdbc.driver.T4CStatement.executeForRows(T4CStatement.java:999)
	at oracle.jdbc.driver.OracleStatement.doExecuteWithTimeout(OracleStatement.java:1315)
	at oracle.jdbc.driver.OracleStatement.executeInternal(OracleStatement.java:1890)
	at oracle.jdbc.driver.OracleStatement.execute(OracleStatement.java:1855)
	at oracle.jdbc.driver.OracleStatementWrapper.execute(OracleStatementWrapper.java:304)
	at org.jkiss.dbeaver.model.impl.jdbc.exec.JDBCStatementImpl.execute(JDBCStatementImpl.java:344)
	at org.jkiss.dbeaver.model.impl.jdbc.exec.JDBCStatementImpl.executeStatement(JDBCStatementImpl.java:128)
	... 11 more
2025-07-24 21:09:50.508 - SQL Error [2443] [72000]: ORA-02443: Cannot drop constraint  - nonexistent constraint

org.jkiss.dbeaver.model.sql.DBSQLException: SQL Error [2443] [72000]: ORA-02443: Cannot drop constraint  - nonexistent constraint

	at org.jkiss.dbeaver.model.impl.jdbc.exec.JDBCStatementImpl.executeStatement(JDBCStatementImpl.java:130)
	at org.jkiss.dbeaver.ui.editors.sql.execute.SQLQueryJob.executeStatement(SQLQueryJob.java:631)
	at org.jkiss.dbeaver.ui.editors.sql.execute.SQLQueryJob.lambda$2(SQLQueryJob.java:522)
	at org.jkiss.dbeaver.model.exec.DBExecUtils.tryExecuteRecover(DBExecUtils.java:192)
	at org.jkiss.dbeaver.ui.editors.sql.execute.SQLQueryJob.executeSingleQuery(SQLQueryJob.java:541)
	at org.jkiss.dbeaver.ui.editors.sql.execute.SQLQueryJob.extractData(SQLQueryJob.java:1016)
	at org.jkiss.dbeaver.ui.editors.sql.SQLEditor$QueryResultsContainer.readData(SQLEditor.java:4273)
	at org.jkiss.dbeaver.ui.controls.resultset.ResultSetJobDataRead.lambda$0(ResultSetJobDataRead.java:128)
	at org.jkiss.dbeaver.model.exec.DBExecUtils.tryExecuteRecover(DBExecUtils.java:192)
	at org.jkiss.dbeaver.ui.controls.resultset.ResultSetJobDataRead.run(ResultSetJobDataRead.java:126)
	at org.jkiss.dbeaver.ui.controls.resultset.ResultSetViewer$ResultSetDataPumpJob.run(ResultSetViewer.java:5166)
	at org.jkiss.dbeaver.model.runtime.AbstractJob.run(AbstractJob.java:119)
	at org.eclipse.core.internal.jobs.Worker.run(Worker.java:63)
Caused by: java.sql.SQLException: ORA-02443: Cannot drop constraint  - nonexistent constraint

	at oracle.jdbc.driver.T4CTTIoer.processError(T4CTTIoer.java:440)
	at oracle.jdbc.driver.T4CTTIoer.processError(T4CTTIoer.java:396)
	at oracle.jdbc.driver.T4C8Oall.processError(T4C8Oall.java:837)
	at oracle.jdbc.driver.T4CTTIfun.receive(T4CTTIfun.java:445)
	at oracle.jdbc.driver.T4CTTIfun.doRPC(T4CTTIfun.java:191)
	at oracle.jdbc.driver.T4C8Oall.doOALL(T4C8Oall.java:523)
	at oracle.jdbc.driver.T4CStatement.doOall8(T4CStatement.java:193)
	at oracle.jdbc.driver.T4CStatement.executeForRows(T4CStatement.java:999)
	at oracle.jdbc.driver.OracleStatement.doExecuteWithTimeout(OracleStatement.java:1315)
	at oracle.jdbc.driver.OracleStatement.executeInternal(OracleStatement.java:1890)
	at oracle.jdbc.driver.OracleStatement.execute(OracleStatement.java:1855)
	at oracle.jdbc.driver.OracleStatementWrapper.execute(OracleStatementWrapper.java:304)
	at org.jkiss.dbeaver.model.impl.jdbc.exec.JDBCStatementImpl.execute(JDBCStatementImpl.java:344)
	at org.jkiss.dbeaver.model.impl.jdbc.exec.JDBCStatementImpl.executeStatement(JDBCStatementImpl.java:128)
	... 12 more
2025-07-24 21:18:14.521 - SQL Error [2290] [23000]: ORA-02290: check constraint (WEB.CHK_USER) violated

org.jkiss.dbeaver.model.sql.DBSQLException: SQL Error [2290] [23000]: ORA-02290: check constraint (WEB.CHK_USER) violated

	at org.jkiss.dbeaver.model.impl.jdbc.exec.JDBCStatementImpl.executeStatement(JDBCStatementImpl.java:130)
	at org.jkiss.dbeaver.ui.editors.sql.execute.SQLQueryJob.executeStatement(SQLQueryJob.java:631)
	at org.jkiss.dbeaver.ui.editors.sql.execute.SQLQueryJob.lambda$2(SQLQueryJob.java:522)
	at org.jkiss.dbeaver.ui.editors.sql.execute.SQLQueryJob.executeSingleQuery(SQLQueryJob.java:544)
	at org.jkiss.dbeaver.ui.editors.sql.execute.SQLQueryJob.extractData(SQLQueryJob.java:1016)
	at org.jkiss.dbeaver.ui.editors.sql.SQLEditor$QueryResultsContainer.readData(SQLEditor.java:4273)
	at org.jkiss.dbeaver.ui.controls.resultset.ResultSetJobDataRead.lambda$0(ResultSetJobDataRead.java:128)
	at org.jkiss.dbeaver.model.exec.DBExecUtils.tryExecuteRecover(DBExecUtils.java:192)
	at org.jkiss.dbeaver.ui.controls.resultset.ResultSetJobDataRead.run(ResultSetJobDataRead.java:126)
	at org.jkiss.dbeaver.ui.controls.resultset.ResultSetViewer$ResultSetDataPumpJob.run(ResultSetViewer.java:5166)
	at org.jkiss.dbeaver.model.runtime.AbstractJob.run(AbstractJob.java:119)
	at org.eclipse.core.internal.jobs.Worker.run(Worker.java:63)
Caused by: java.sql.SQLIntegrityConstraintViolationException: ORA-02290: check constraint (WEB.CHK_USER) violated

	at oracle.jdbc.driver.T4CTTIoer.processError(T4CTTIoer.java:440)
	at oracle.jdbc.driver.T4CTTIoer.processError(T4CTTIoer.java:396)
	at oracle.jdbc.driver.T4C8Oall.processError(T4C8Oall.java:837)
	at oracle.jdbc.driver.T4CTTIfun.receive(T4CTTIfun.java:445)
	at oracle.jdbc.driver.T4CTTIfun.doRPC(T4CTTIfun.java:191)
	at oracle.jdbc.driver.T4C8Oall.doOALL(T4C8Oall.java:523)
	at oracle.jdbc.driver.T4CStatement.doOall8(T4CStatement.java:193)
	at oracle.jdbc.driver.T4CStatement.executeForRows(T4CStatement.java:999)
	at oracle.jdbc.driver.OracleStatement.doExecuteWithTimeout(OracleStatement.java:1315)
	at oracle.jdbc.driver.OracleStatement.executeInternal(OracleStatement.java:1890)
	at oracle.jdbc.driver.OracleStatement.execute(OracleStatement.java:1855)
	at oracle.jdbc.driver.OracleStatementWrapper.execute(OracleStatementWrapper.java:304)
	at org.jkiss.dbeaver.model.impl.jdbc.exec.JDBCStatementImpl.execute(JDBCStatementImpl.java:344)
	at org.jkiss.dbeaver.model.impl.jdbc.exec.JDBCStatementImpl.executeStatement(JDBCStatementImpl.java:128)
	... 11 more
2025-07-24 21:18:19.953 - SQL Error [2290] [23000]: ORA-02290: check constraint (WEB.CHK_USER) violated

org.jkiss.dbeaver.model.sql.DBSQLException: SQL Error [2290] [23000]: ORA-02290: check constraint (WEB.CHK_USER) violated

	at org.jkiss.dbeaver.model.impl.jdbc.exec.JDBCStatementImpl.executeStatement(JDBCStatementImpl.java:130)
	at org.jkiss.dbeaver.ui.editors.sql.execute.SQLQueryJob.executeStatement(SQLQueryJob.java:631)
	at org.jkiss.dbeaver.ui.editors.sql.execute.SQLQueryJob.lambda$2(SQLQueryJob.java:522)
	at org.jkiss.dbeaver.ui.editors.sql.execute.SQLQueryJob.executeSingleQuery(SQLQueryJob.java:544)
	at org.jkiss.dbeaver.ui.editors.sql.execute.SQLQueryJob.extractData(SQLQueryJob.java:1016)
	at org.jkiss.dbeaver.ui.editors.sql.SQLEditor$QueryResultsContainer.readData(SQLEditor.java:4273)
	at org.jkiss.dbeaver.ui.controls.resultset.ResultSetJobDataRead.lambda$0(ResultSetJobDataRead.java:128)
	at org.jkiss.dbeaver.model.exec.DBExecUtils.tryExecuteRecover(DBExecUtils.java:192)
	at org.jkiss.dbeaver.ui.controls.resultset.ResultSetJobDataRead.run(ResultSetJobDataRead.java:126)
	at org.jkiss.dbeaver.ui.controls.resultset.ResultSetViewer$ResultSetDataPumpJob.run(ResultSetViewer.java:5166)
	at org.jkiss.dbeaver.model.runtime.AbstractJob.run(AbstractJob.java:119)
	at org.eclipse.core.internal.jobs.Worker.run(Worker.java:63)
Caused by: java.sql.SQLIntegrityConstraintViolationException: ORA-02290: check constraint (WEB.CHK_USER) violated

	at oracle.jdbc.driver.T4CTTIoer.processError(T4CTTIoer.java:440)
	at oracle.jdbc.driver.T4CTTIoer.processError(T4CTTIoer.java:396)
	at oracle.jdbc.driver.T4C8Oall.processError(T4C8Oall.java:837)
	at oracle.jdbc.driver.T4CTTIfun.receive(T4CTTIfun.java:445)
	at oracle.jdbc.driver.T4CTTIfun.doRPC(T4CTTIfun.java:191)
	at oracle.jdbc.driver.T4C8Oall.doOALL(T4C8Oall.java:523)
	at oracle.jdbc.driver.T4CStatement.doOall8(T4CStatement.java:193)
	at oracle.jdbc.driver.T4CStatement.executeForRows(T4CStatement.java:999)
	at oracle.jdbc.driver.OracleStatement.doExecuteWithTimeout(OracleStatement.java:1315)
	at oracle.jdbc.driver.OracleStatement.executeInternal(OracleStatement.java:1890)
	at oracle.jdbc.driver.OracleStatement.execute(OracleStatement.java:1855)
	at oracle.jdbc.driver.OracleStatementWrapper.execute(OracleStatementWrapper.java:304)
	at org.jkiss.dbeaver.model.impl.jdbc.exec.JDBCStatementImpl.execute(JDBCStatementImpl.java:344)
	at org.jkiss.dbeaver.model.impl.jdbc.exec.JDBCStatementImpl.executeStatement(JDBCStatementImpl.java:128)
	... 11 more
2025-07-24 21:19:17.303 - Error binding callable statement parameters from metadata: 지원되지 않는 기능입니다
2025-07-24 21:19:17.303 - Error obtaining output parameters from metadata: 지원되지 않는 기능입니다
2025-07-24 21:19:17.303 - Can't obtain procedure metadata nor jdbc metadata
2025-07-24 21:19:17.366 - SQL Error [2201] [42000]: ORA-02201: sequence not allowed here


Error position: line: 69 pos: 14
org.jkiss.dbeaver.model.sql.DBSQLException: SQL Error [2201] [42000]: ORA-02201: sequence not allowed here

	at org.jkiss.dbeaver.model.impl.jdbc.exec.JDBCStatementImpl.executeStatement(JDBCStatementImpl.java:130)
	at org.jkiss.dbeaver.ui.editors.sql.execute.SQLQueryJob.executeStatement(SQLQueryJob.java:631)
	at org.jkiss.dbeaver.ui.editors.sql.execute.SQLQueryJob.lambda$2(SQLQueryJob.java:522)
	at org.jkiss.dbeaver.model.exec.DBExecUtils.tryExecuteRecover(DBExecUtils.java:192)
	at org.jkiss.dbeaver.ui.editors.sql.execute.SQLQueryJob.executeSingleQuery(SQLQueryJob.java:541)
	at org.jkiss.dbeaver.ui.editors.sql.execute.SQLQueryJob.extractData(SQLQueryJob.java:1016)
	at org.jkiss.dbeaver.ui.editors.sql.SQLEditor$QueryResultsContainer.readData(SQLEditor.java:4273)
	at org.jkiss.dbeaver.ui.controls.resultset.ResultSetJobDataRead.lambda$0(ResultSetJobDataRead.java:128)
	at org.jkiss.dbeaver.model.exec.DBExecUtils.tryExecuteRecover(DBExecUtils.java:192)
	at org.jkiss.dbeaver.ui.controls.resultset.ResultSetJobDataRead.run(ResultSetJobDataRead.java:126)
	at org.jkiss.dbeaver.ui.controls.resultset.ResultSetViewer$ResultSetDataPumpJob.run(ResultSetViewer.java:5166)
	at org.jkiss.dbeaver.model.runtime.AbstractJob.run(AbstractJob.java:119)
	at org.eclipse.core.internal.jobs.Worker.run(Worker.java:63)
Caused by: java.sql.SQLSyntaxErrorException: ORA-02201: sequence not allowed here

	at oracle.jdbc.driver.T4CTTIoer.processError(T4CTTIoer.java:440)
	at oracle.jdbc.driver.T4CTTIoer.processError(T4CTTIoer.java:396)
	at oracle.jdbc.driver.T4C8Oall.processError(T4C8Oall.java:837)
	at oracle.jdbc.driver.T4CTTIfun.receive(T4CTTIfun.java:445)
	at oracle.jdbc.driver.T4CTTIfun.doRPC(T4CTTIfun.java:191)
	at oracle.jdbc.driver.T4C8Oall.doOALL(T4C8Oall.java:523)
	at oracle.jdbc.driver.T4CStatement.doOall8(T4CStatement.java:193)
	at oracle.jdbc.driver.T4CStatement.executeForDescribe(T4CStatement.java:848)
	at oracle.jdbc.driver.OracleStatement.executeMaybeDescribe(OracleStatement.java:1153)
	at oracle.jdbc.driver.OracleStatement.doExecuteWithTimeout(OracleStatement.java:1275)
	at oracle.jdbc.driver.OracleStatement.executeInternal(OracleStatement.java:1890)
	at oracle.jdbc.driver.OracleStatement.execute(OracleStatement.java:1855)
	at oracle.jdbc.driver.OracleStatementWrapper.execute(OracleStatementWrapper.java:304)
	at org.jkiss.dbeaver.model.impl.jdbc.exec.JDBCStatementImpl.execute(JDBCStatementImpl.java:344)
	at org.jkiss.dbeaver.model.impl.jdbc.exec.JDBCStatementImpl.executeStatement(JDBCStatementImpl.java:128)
	... 12 more
2025-07-24 21:19:46.760 - SQL Error [2290] [23000]: ORA-02290: check constraint (WEB.CHK_USER) violated

org.jkiss.dbeaver.model.sql.DBSQLException: SQL Error [2290] [23000]: ORA-02290: check constraint (WEB.CHK_USER) violated

	at org.jkiss.dbeaver.model.impl.jdbc.exec.JDBCStatementImpl.executeStatement(JDBCStatementImpl.java:130)
	at org.jkiss.dbeaver.ui.editors.sql.execute.SQLQueryJob.executeStatement(SQLQueryJob.java:631)
	at org.jkiss.dbeaver.ui.editors.sql.execute.SQLQueryJob.lambda$2(SQLQueryJob.java:522)
	at org.jkiss.dbeaver.ui.editors.sql.execute.SQLQueryJob.executeSingleQuery(SQLQueryJob.java:544)
	at org.jkiss.dbeaver.ui.editors.sql.execute.SQLQueryJob.extractData(SQLQueryJob.java:1016)
	at org.jkiss.dbeaver.ui.editors.sql.SQLEditor$QueryResultsContainer.readData(SQLEditor.java:4273)
	at org.jkiss.dbeaver.ui.controls.resultset.ResultSetJobDataRead.lambda$0(ResultSetJobDataRead.java:128)
	at org.jkiss.dbeaver.model.exec.DBExecUtils.tryExecuteRecover(DBExecUtils.java:192)
	at org.jkiss.dbeaver.ui.controls.resultset.ResultSetJobDataRead.run(ResultSetJobDataRead.java:126)
	at org.jkiss.dbeaver.ui.controls.resultset.ResultSetViewer$ResultSetDataPumpJob.run(ResultSetViewer.java:5166)
	at org.jkiss.dbeaver.model.runtime.AbstractJob.run(AbstractJob.java:119)
	at org.eclipse.core.internal.jobs.Worker.run(Worker.java:63)
Caused by: java.sql.SQLIntegrityConstraintViolationException: ORA-02290: check constraint (WEB.CHK_USER) violated

	at oracle.jdbc.driver.T4CTTIoer.processError(T4CTTIoer.java:440)
	at oracle.jdbc.driver.T4CTTIoer.processError(T4CTTIoer.java:396)
	at oracle.jdbc.driver.T4C8Oall.processError(T4C8Oall.java:837)
	at oracle.jdbc.driver.T4CTTIfun.receive(T4CTTIfun.java:445)
	at oracle.jdbc.driver.T4CTTIfun.doRPC(T4CTTIfun.java:191)
	at oracle.jdbc.driver.T4C8Oall.doOALL(T4C8Oall.java:523)
	at oracle.jdbc.driver.T4CStatement.doOall8(T4CStatement.java:193)
	at oracle.jdbc.driver.T4CStatement.executeForRows(T4CStatement.java:999)
	at oracle.jdbc.driver.OracleStatement.doExecuteWithTimeout(OracleStatement.java:1315)
	at oracle.jdbc.driver.OracleStatement.executeInternal(OracleStatement.java:1890)
	at oracle.jdbc.driver.OracleStatement.execute(OracleStatement.java:1855)
	at oracle.jdbc.driver.OracleStatementWrapper.execute(OracleStatementWrapper.java:304)
	at org.jkiss.dbeaver.model.impl.jdbc.exec.JDBCStatementImpl.execute(JDBCStatementImpl.java:344)
	at org.jkiss.dbeaver.model.impl.jdbc.exec.JDBCStatementImpl.executeStatement(JDBCStatementImpl.java:128)
	... 11 more
2025-07-24 21:19:56.856 - Column 'USER_NUMBER' not found in table 'WEB.TBL_USER'
2025-07-24 21:19:56.857 - Column 'USER_PASSWORD' not found in table 'WEB.TBL_USER'
2025-07-24 21:22:01.330 - SQL Error [2290] [23000]: ORA-02290: check constraint (WEB.CHK_USER) violated

org.jkiss.dbeaver.model.sql.DBSQLException: SQL Error [2290] [23000]: ORA-02290: check constraint (WEB.CHK_USER) violated

	at org.jkiss.dbeaver.model.impl.jdbc.exec.JDBCStatementImpl.executeStatement(JDBCStatementImpl.java:130)
	at org.jkiss.dbeaver.ui.editors.sql.execute.SQLQueryJob.executeStatement(SQLQueryJob.java:631)
	at org.jkiss.dbeaver.ui.editors.sql.execute.SQLQueryJob.lambda$2(SQLQueryJob.java:522)
	at org.jkiss.dbeaver.ui.editors.sql.execute.SQLQueryJob.executeSingleQuery(SQLQueryJob.java:544)
	at org.jkiss.dbeaver.ui.editors.sql.execute.SQLQueryJob.extractData(SQLQueryJob.java:1016)
	at org.jkiss.dbeaver.ui.editors.sql.SQLEditor$QueryResultsContainer.readData(SQLEditor.java:4273)
	at org.jkiss.dbeaver.ui.controls.resultset.ResultSetJobDataRead.lambda$0(ResultSetJobDataRead.java:128)
	at org.jkiss.dbeaver.model.exec.DBExecUtils.tryExecuteRecover(DBExecUtils.java:192)
	at org.jkiss.dbeaver.ui.controls.resultset.ResultSetJobDataRead.run(ResultSetJobDataRead.java:126)
	at org.jkiss.dbeaver.ui.controls.resultset.ResultSetViewer$ResultSetDataPumpJob.run(ResultSetViewer.java:5166)
	at org.jkiss.dbeaver.model.runtime.AbstractJob.run(AbstractJob.java:119)
	at org.eclipse.core.internal.jobs.Worker.run(Worker.java:63)
Caused by: java.sql.SQLIntegrityConstraintViolationException: ORA-02290: check constraint (WEB.CHK_USER) violated

	at oracle.jdbc.driver.T4CTTIoer.processError(T4CTTIoer.java:440)
	at oracle.jdbc.driver.T4CTTIoer.processError(T4CTTIoer.java:396)
	at oracle.jdbc.driver.T4C8Oall.processError(T4C8Oall.java:837)
	at oracle.jdbc.driver.T4CTTIfun.receive(T4CTTIfun.java:445)
	at oracle.jdbc.driver.T4CTTIfun.doRPC(T4CTTIfun.java:191)
	at oracle.jdbc.driver.T4C8Oall.doOALL(T4C8Oall.java:523)
	at oracle.jdbc.driver.T4CStatement.doOall8(T4CStatement.java:193)
	at oracle.jdbc.driver.T4CStatement.executeForRows(T4CStatement.java:999)
	at oracle.jdbc.driver.OracleStatement.doExecuteWithTimeout(OracleStatement.java:1315)
	at oracle.jdbc.driver.OracleStatement.executeInternal(OracleStatement.java:1890)
	at oracle.jdbc.driver.OracleStatement.execute(OracleStatement.java:1855)
	at oracle.jdbc.driver.OracleStatementWrapper.execute(OracleStatementWrapper.java:304)
	at org.jkiss.dbeaver.model.impl.jdbc.exec.JDBCStatementImpl.execute(JDBCStatementImpl.java:344)
	at org.jkiss.dbeaver.model.impl.jdbc.exec.JDBCStatementImpl.executeStatement(JDBCStatementImpl.java:128)
	... 11 more
2025-07-24 21:22:10.692 - SQL Error [955] [42000]: ORA-00955: name is already used by an existing object

org.jkiss.dbeaver.model.sql.DBSQLException: SQL Error [955] [42000]: ORA-00955: name is already used by an existing object

	at org.jkiss.dbeaver.model.impl.jdbc.exec.JDBCStatementImpl.executeStatement(JDBCStatementImpl.java:130)
	at org.jkiss.dbeaver.ui.editors.sql.execute.SQLQueryJob.executeStatement(SQLQueryJob.java:631)
	at org.jkiss.dbeaver.ui.editors.sql.execute.SQLQueryJob.lambda$2(SQLQueryJob.java:522)
	at org.jkiss.dbeaver.model.exec.DBExecUtils.tryExecuteRecover(DBExecUtils.java:192)
	at org.jkiss.dbeaver.ui.editors.sql.execute.SQLQueryJob.executeSingleQuery(SQLQueryJob.java:541)
	at org.jkiss.dbeaver.ui.editors.sql.execute.SQLQueryJob.extractData(SQLQueryJob.java:1016)
	at org.jkiss.dbeaver.ui.editors.sql.SQLEditor$QueryResultsContainer.readData(SQLEditor.java:4273)
	at org.jkiss.dbeaver.ui.controls.resultset.ResultSetJobDataRead.lambda$0(ResultSetJobDataRead.java:128)
	at org.jkiss.dbeaver.model.exec.DBExecUtils.tryExecuteRecover(DBExecUtils.java:192)
	at org.jkiss.dbeaver.ui.controls.resultset.ResultSetJobDataRead.run(ResultSetJobDataRead.java:126)
	at org.jkiss.dbeaver.ui.controls.resultset.ResultSetViewer$ResultSetDataPumpJob.run(ResultSetViewer.java:5166)
	at org.jkiss.dbeaver.model.runtime.AbstractJob.run(AbstractJob.java:119)
	at org.eclipse.core.internal.jobs.Worker.run(Worker.java:63)
Caused by: java.sql.SQLSyntaxErrorException: ORA-00955: name is already used by an existing object

	at oracle.jdbc.driver.T4CTTIoer.processError(T4CTTIoer.java:440)
	at oracle.jdbc.driver.T4CTTIoer.processError(T4CTTIoer.java:396)
	at oracle.jdbc.driver.T4C8Oall.processError(T4C8Oall.java:837)
	at oracle.jdbc.driver.T4CTTIfun.receive(T4CTTIfun.java:445)
	at oracle.jdbc.driver.T4CTTIfun.doRPC(T4CTTIfun.java:191)
	at oracle.jdbc.driver.T4C8Oall.doOALL(T4C8Oall.java:523)
	at oracle.jdbc.driver.T4CStatement.doOall8(T4CStatement.java:193)
	at oracle.jdbc.driver.T4CStatement.executeForRows(T4CStatement.java:999)
	at oracle.jdbc.driver.OracleStatement.doExecuteWithTimeout(OracleStatement.java:1315)
	at oracle.jdbc.driver.OracleStatement.executeInternal(OracleStatement.java:1890)
	at oracle.jdbc.driver.OracleStatement.execute(OracleStatement.java:1855)
	at oracle.jdbc.driver.OracleStatementWrapper.execute(OracleStatementWrapper.java:304)
	at org.jkiss.dbeaver.model.impl.jdbc.exec.JDBCStatementImpl.execute(JDBCStatementImpl.java:344)
	at org.jkiss.dbeaver.model.impl.jdbc.exec.JDBCStatementImpl.executeStatement(JDBCStatementImpl.java:128)
	... 12 more
2025-07-24 21:22:10.776 - Error binding callable statement parameters from metadata: 지원되지 않는 기능입니다
2025-07-24 21:22:10.777 - Error obtaining output parameters from metadata: 지원되지 않는 기능입니다
2025-07-24 21:22:10.777 - Can't obtain procedure metadata nor jdbc metadata
2025-07-24 21:22:18.708 - SQL Error [2290] [23000]: ORA-02290: check constraint (WEB.CHK_USER) violated

org.jkiss.dbeaver.model.sql.DBSQLException: SQL Error [2290] [23000]: ORA-02290: check constraint (WEB.CHK_USER) violated

	at org.jkiss.dbeaver.model.impl.jdbc.exec.JDBCStatementImpl.executeStatement(JDBCStatementImpl.java:130)
	at org.jkiss.dbeaver.ui.editors.sql.execute.SQLQueryJob.executeStatement(SQLQueryJob.java:631)
	at org.jkiss.dbeaver.ui.editors.sql.execute.SQLQueryJob.lambda$2(SQLQueryJob.java:522)
	at org.jkiss.dbeaver.ui.editors.sql.execute.SQLQueryJob.executeSingleQuery(SQLQueryJob.java:544)
	at org.jkiss.dbeaver.ui.editors.sql.execute.SQLQueryJob.extractData(SQLQueryJob.java:1016)
	at org.jkiss.dbeaver.ui.editors.sql.SQLEditor$QueryResultsContainer.readData(SQLEditor.java:4273)
	at org.jkiss.dbeaver.ui.controls.resultset.ResultSetJobDataRead.lambda$0(ResultSetJobDataRead.java:128)
	at org.jkiss.dbeaver.model.exec.DBExecUtils.tryExecuteRecover(DBExecUtils.java:192)
	at org.jkiss.dbeaver.ui.controls.resultset.ResultSetJobDataRead.run(ResultSetJobDataRead.java:126)
	at org.jkiss.dbeaver.ui.controls.resultset.ResultSetViewer$ResultSetDataPumpJob.run(ResultSetViewer.java:5166)
	at org.jkiss.dbeaver.model.runtime.AbstractJob.run(AbstractJob.java:119)
	at org.eclipse.core.internal.jobs.Worker.run(Worker.java:63)
Caused by: java.sql.SQLIntegrityConstraintViolationException: ORA-02290: check constraint (WEB.CHK_USER) violated

	at oracle.jdbc.driver.T4CTTIoer.processError(T4CTTIoer.java:440)
	at oracle.jdbc.driver.T4CTTIoer.processError(T4CTTIoer.java:396)
	at oracle.jdbc.driver.T4C8Oall.processError(T4C8Oall.java:837)
	at oracle.jdbc.driver.T4CTTIfun.receive(T4CTTIfun.java:445)
	at oracle.jdbc.driver.T4CTTIfun.doRPC(T4CTTIfun.java:191)
	at oracle.jdbc.driver.T4C8Oall.doOALL(T4C8Oall.java:523)
	at oracle.jdbc.driver.T4CStatement.doOall8(T4CStatement.java:193)
	at oracle.jdbc.driver.T4CStatement.executeForRows(T4CStatement.java:999)
	at oracle.jdbc.driver.OracleStatement.doExecuteWithTimeout(OracleStatement.java:1315)
	at oracle.jdbc.driver.OracleStatement.executeInternal(OracleStatement.java:1890)
	at oracle.jdbc.driver.OracleStatement.execute(OracleStatement.java:1855)
	at oracle.jdbc.driver.OracleStatementWrapper.execute(OracleStatementWrapper.java:304)
	at org.jkiss.dbeaver.model.impl.jdbc.exec.JDBCStatementImpl.execute(JDBCStatementImpl.java:344)
	at org.jkiss.dbeaver.model.impl.jdbc.exec.JDBCStatementImpl.executeStatement(JDBCStatementImpl.java:128)
	... 11 more
2025-07-24 21:22:32.321 - Column 'USER_NUMBER' not found in table 'TBL_USER' for index 'PK_USER'
2025-07-24 21:22:57.776 - Table 'seq_user_no' not found in metadata catalog
2025-07-24 21:23:22.168 - SQL Error [2290] [23000]: ORA-02290: check constraint (WEB.CHK_USER) violated

org.jkiss.dbeaver.model.sql.DBSQLException: SQL Error [2290] [23000]: ORA-02290: check constraint (WEB.CHK_USER) violated

	at org.jkiss.dbeaver.model.impl.jdbc.exec.JDBCStatementImpl.executeStatement(JDBCStatementImpl.java:130)
	at org.jkiss.dbeaver.ui.editors.sql.execute.SQLQueryJob.executeStatement(SQLQueryJob.java:631)
	at org.jkiss.dbeaver.ui.editors.sql.execute.SQLQueryJob.lambda$2(SQLQueryJob.java:522)
	at org.jkiss.dbeaver.ui.editors.sql.execute.SQLQueryJob.executeSingleQuery(SQLQueryJob.java:544)
	at org.jkiss.dbeaver.ui.editors.sql.execute.SQLQueryJob.extractData(SQLQueryJob.java:1016)
	at org.jkiss.dbeaver.ui.editors.sql.SQLEditor$QueryResultsContainer.readData(SQLEditor.java:4273)
	at org.jkiss.dbeaver.ui.controls.resultset.ResultSetJobDataRead.lambda$0(ResultSetJobDataRead.java:128)
	at org.jkiss.dbeaver.model.exec.DBExecUtils.tryExecuteRecover(DBExecUtils.java:192)
	at org.jkiss.dbeaver.ui.controls.resultset.ResultSetJobDataRead.run(ResultSetJobDataRead.java:126)
	at org.jkiss.dbeaver.ui.controls.resultset.ResultSetViewer$ResultSetDataPumpJob.run(ResultSetViewer.java:5166)
	at org.jkiss.dbeaver.model.runtime.AbstractJob.run(AbstractJob.java:119)
	at org.eclipse.core.internal.jobs.Worker.run(Worker.java:63)
Caused by: java.sql.SQLIntegrityConstraintViolationException: ORA-02290: check constraint (WEB.CHK_USER) violated

	at oracle.jdbc.driver.T4CTTIoer.processError(T4CTTIoer.java:440)
	at oracle.jdbc.driver.T4CTTIoer.processError(T4CTTIoer.java:396)
	at oracle.jdbc.driver.T4C8Oall.processError(T4C8Oall.java:837)
	at oracle.jdbc.driver.T4CTTIfun.receive(T4CTTIfun.java:445)
	at oracle.jdbc.driver.T4CTTIfun.doRPC(T4CTTIfun.java:191)
	at oracle.jdbc.driver.T4C8Oall.doOALL(T4C8Oall.java:523)
	at oracle.jdbc.driver.T4CStatement.doOall8(T4CStatement.java:193)
	at oracle.jdbc.driver.T4CStatement.executeForRows(T4CStatement.java:999)
	at oracle.jdbc.driver.OracleStatement.doExecuteWithTimeout(OracleStatement.java:1315)
	at oracle.jdbc.driver.OracleStatement.executeInternal(OracleStatement.java:1890)
	at oracle.jdbc.driver.OracleStatement.execute(OracleStatement.java:1855)
	at oracle.jdbc.driver.OracleStatementWrapper.execute(OracleStatementWrapper.java:304)
	at org.jkiss.dbeaver.model.impl.jdbc.exec.JDBCStatementImpl.execute(JDBCStatementImpl.java:344)
	at org.jkiss.dbeaver.model.impl.jdbc.exec.JDBCStatementImpl.executeStatement(JDBCStatementImpl.java:128)
	... 11 more
2025-07-24 21:23:49.101 - Table 'seq_user_no' not found in metadata catalog
2025-07-24 21:23:54.670 - Table 'seq_user_no' not found in metadata catalog
2025-07-24 21:24:37.316 - SQL Error [955] [42000]: ORA-00955: name is already used by an existing object

org.jkiss.dbeaver.model.sql.DBSQLException: SQL Error [955] [42000]: ORA-00955: name is already used by an existing object

	at org.jkiss.dbeaver.model.impl.jdbc.exec.JDBCStatementImpl.executeStatement(JDBCStatementImpl.java:130)
	at org.jkiss.dbeaver.ui.editors.sql.execute.SQLQueryJob.executeStatement(SQLQueryJob.java:631)
	at org.jkiss.dbeaver.ui.editors.sql.execute.SQLQueryJob.lambda$2(SQLQueryJob.java:522)
	at org.jkiss.dbeaver.model.exec.DBExecUtils.tryExecuteRecover(DBExecUtils.java:192)
	at org.jkiss.dbeaver.ui.editors.sql.execute.SQLQueryJob.executeSingleQuery(SQLQueryJob.java:541)
	at org.jkiss.dbeaver.ui.editors.sql.execute.SQLQueryJob.extractData(SQLQueryJob.java:1016)
	at org.jkiss.dbeaver.ui.editors.sql.SQLEditor$QueryResultsContainer.readData(SQLEditor.java:4273)
	at org.jkiss.dbeaver.ui.controls.resultset.ResultSetJobDataRead.lambda$0(ResultSetJobDataRead.java:128)
	at org.jkiss.dbeaver.model.exec.DBExecUtils.tryExecuteRecover(DBExecUtils.java:192)
	at org.jkiss.dbeaver.ui.controls.resultset.ResultSetJobDataRead.run(ResultSetJobDataRead.java:126)
	at org.jkiss.dbeaver.ui.controls.resultset.ResultSetViewer$ResultSetDataPumpJob.run(ResultSetViewer.java:5166)
	at org.jkiss.dbeaver.model.runtime.AbstractJob.run(AbstractJob.java:119)
	at org.eclipse.core.internal.jobs.Worker.run(Worker.java:63)
Caused by: java.sql.SQLSyntaxErrorException: ORA-00955: name is already used by an existing object

	at oracle.jdbc.driver.T4CTTIoer.processError(T4CTTIoer.java:440)
	at oracle.jdbc.driver.T4CTTIoer.processError(T4CTTIoer.java:396)
	at oracle.jdbc.driver.T4C8Oall.processError(T4C8Oall.java:837)
	at oracle.jdbc.driver.T4CTTIfun.receive(T4CTTIfun.java:445)
	at oracle.jdbc.driver.T4CTTIfun.doRPC(T4CTTIfun.java:191)
	at oracle.jdbc.driver.T4C8Oall.doOALL(T4C8Oall.java:523)
	at oracle.jdbc.driver.T4CStatement.doOall8(T4CStatement.java:193)
	at oracle.jdbc.driver.T4CStatement.executeForRows(T4CStatement.java:999)
	at oracle.jdbc.driver.OracleStatement.doExecuteWithTimeout(OracleStatement.java:1315)
	at oracle.jdbc.driver.OracleStatement.executeInternal(OracleStatement.java:1890)
	at oracle.jdbc.driver.OracleStatement.execute(OracleStatement.java:1855)
	at oracle.jdbc.driver.OracleStatementWrapper.execute(OracleStatementWrapper.java:304)
	at org.jkiss.dbeaver.model.impl.jdbc.exec.JDBCStatementImpl.execute(JDBCStatementImpl.java:344)
	at org.jkiss.dbeaver.model.impl.jdbc.exec.JDBCStatementImpl.executeStatement(JDBCStatementImpl.java:128)
	... 12 more
2025-07-24 21:24:37.417 - Error binding callable statement parameters from metadata: 지원되지 않는 기능입니다
2025-07-24 21:24:37.417 - Error obtaining output parameters from metadata: 지원되지 않는 기능입니다
2025-07-24 21:24:37.417 - Can't obtain procedure metadata nor jdbc metadata
2025-07-24 21:24:44.204 - SQL Error [2290] [23000]: ORA-02290: check constraint (WEB.CHK_USER) violated

org.jkiss.dbeaver.model.sql.DBSQLException: SQL Error [2290] [23000]: ORA-02290: check constraint (WEB.CHK_USER) violated

	at org.jkiss.dbeaver.model.impl.jdbc.exec.JDBCStatementImpl.executeStatement(JDBCStatementImpl.java:130)
	at org.jkiss.dbeaver.ui.editors.sql.execute.SQLQueryJob.executeStatement(SQLQueryJob.java:631)
	at org.jkiss.dbeaver.ui.editors.sql.execute.SQLQueryJob.lambda$2(SQLQueryJob.java:522)
	at org.jkiss.dbeaver.ui.editors.sql.execute.SQLQueryJob.executeSingleQuery(SQLQueryJob.java:544)
	at org.jkiss.dbeaver.ui.editors.sql.execute.SQLQueryJob.extractData(SQLQueryJob.java:1016)
	at org.jkiss.dbeaver.ui.editors.sql.SQLEditor$QueryResultsContainer.readData(SQLEditor.java:4273)
	at org.jkiss.dbeaver.ui.controls.resultset.ResultSetJobDataRead.lambda$0(ResultSetJobDataRead.java:128)
	at org.jkiss.dbeaver.model.exec.DBExecUtils.tryExecuteRecover(DBExecUtils.java:192)
	at org.jkiss.dbeaver.ui.controls.resultset.ResultSetJobDataRead.run(ResultSetJobDataRead.java:126)
	at org.jkiss.dbeaver.ui.controls.resultset.ResultSetViewer$ResultSetDataPumpJob.run(ResultSetViewer.java:5166)
	at org.jkiss.dbeaver.model.runtime.AbstractJob.run(AbstractJob.java:119)
	at org.eclipse.core.internal.jobs.Worker.run(Worker.java:63)
Caused by: java.sql.SQLIntegrityConstraintViolationException: ORA-02290: check constraint (WEB.CHK_USER) violated

	at oracle.jdbc.driver.T4CTTIoer.processError(T4CTTIoer.java:440)
	at oracle.jdbc.driver.T4CTTIoer.processError(T4CTTIoer.java:396)
	at oracle.jdbc.driver.T4C8Oall.processError(T4C8Oall.java:837)
	at oracle.jdbc.driver.T4CTTIfun.receive(T4CTTIfun.java:445)
	at oracle.jdbc.driver.T4CTTIfun.doRPC(T4CTTIfun.java:191)
	at oracle.jdbc.driver.T4C8Oall.doOALL(T4C8Oall.java:523)
	at oracle.jdbc.driver.T4CStatement.doOall8(T4CStatement.java:193)
	at oracle.jdbc.driver.T4CStatement.executeForRows(T4CStatement.java:999)
	at oracle.jdbc.driver.OracleStatement.doExecuteWithTimeout(OracleStatement.java:1315)
	at oracle.jdbc.driver.OracleStatement.executeInternal(OracleStatement.java:1890)
	at oracle.jdbc.driver.OracleStatement.execute(OracleStatement.java:1855)
	at oracle.jdbc.driver.OracleStatementWrapper.execute(OracleStatementWrapper.java:304)
	at org.jkiss.dbeaver.model.impl.jdbc.exec.JDBCStatementImpl.execute(JDBCStatementImpl.java:344)
	at org.jkiss.dbeaver.model.impl.jdbc.exec.JDBCStatementImpl.executeStatement(JDBCStatementImpl.java:128)
	... 11 more
2025-07-24 21:25:55.183 - Table 'seq_user_no' not found in metadata catalog
2025-07-24 21:25:57.541 - Table 'seq_user_no' not found in metadata catalog
2025-07-24 21:26:39.022 - SQL Error [955] [42000]: ORA-00955: name is already used by an existing object

org.jkiss.dbeaver.model.sql.DBSQLException: SQL Error [955] [42000]: ORA-00955: name is already used by an existing object

	at org.jkiss.dbeaver.model.impl.jdbc.exec.JDBCStatementImpl.executeStatement(JDBCStatementImpl.java:130)
	at org.jkiss.dbeaver.ui.editors.sql.execute.SQLQueryJob.executeStatement(SQLQueryJob.java:631)
	at org.jkiss.dbeaver.ui.editors.sql.execute.SQLQueryJob.lambda$2(SQLQueryJob.java:522)
	at org.jkiss.dbeaver.model.exec.DBExecUtils.tryExecuteRecover(DBExecUtils.java:192)
	at org.jkiss.dbeaver.ui.editors.sql.execute.SQLQueryJob.executeSingleQuery(SQLQueryJob.java:541)
	at org.jkiss.dbeaver.ui.editors.sql.execute.SQLQueryJob.extractData(SQLQueryJob.java:1016)
	at org.jkiss.dbeaver.ui.editors.sql.SQLEditor$QueryResultsContainer.readData(SQLEditor.java:4273)
	at org.jkiss.dbeaver.ui.controls.resultset.ResultSetJobDataRead.lambda$0(ResultSetJobDataRead.java:128)
	at org.jkiss.dbeaver.model.exec.DBExecUtils.tryExecuteRecover(DBExecUtils.java:192)
	at org.jkiss.dbeaver.ui.controls.resultset.ResultSetJobDataRead.run(ResultSetJobDataRead.java:126)
	at org.jkiss.dbeaver.ui.controls.resultset.ResultSetViewer$ResultSetDataPumpJob.run(ResultSetViewer.java:5166)
	at org.jkiss.dbeaver.model.runtime.AbstractJob.run(AbstractJob.java:119)
	at org.eclipse.core.internal.jobs.Worker.run(Worker.java:63)
Caused by: java.sql.SQLSyntaxErrorException: ORA-00955: name is already used by an existing object

	at oracle.jdbc.driver.T4CTTIoer.processError(T4CTTIoer.java:440)
	at oracle.jdbc.driver.T4CTTIoer.processError(T4CTTIoer.java:396)
	at oracle.jdbc.driver.T4C8Oall.processError(T4C8Oall.java:837)
	at oracle.jdbc.driver.T4CTTIfun.receive(T4CTTIfun.java:445)
	at oracle.jdbc.driver.T4CTTIfun.doRPC(T4CTTIfun.java:191)
	at oracle.jdbc.driver.T4C8Oall.doOALL(T4C8Oall.java:523)
	at oracle.jdbc.driver.T4CStatement.doOall8(T4CStatement.java:193)
	at oracle.jdbc.driver.T4CStatement.executeForRows(T4CStatement.java:999)
	at oracle.jdbc.driver.OracleStatement.doExecuteWithTimeout(OracleStatement.java:1315)
	at oracle.jdbc.driver.OracleStatement.executeInternal(OracleStatement.java:1890)
	at oracle.jdbc.driver.OracleStatement.execute(OracleStatement.java:1855)
	at oracle.jdbc.driver.OracleStatementWrapper.execute(OracleStatementWrapper.java:304)
	at org.jkiss.dbeaver.model.impl.jdbc.exec.JDBCStatementImpl.execute(JDBCStatementImpl.java:344)
	at org.jkiss.dbeaver.model.impl.jdbc.exec.JDBCStatementImpl.executeStatement(JDBCStatementImpl.java:128)
	... 12 more
2025-07-24 21:26:39.136 - Error binding callable statement parameters from metadata: 지원되지 않는 기능입니다
2025-07-24 21:26:39.136 - Error obtaining output parameters from metadata: 지원되지 않는 기능입니다
2025-07-24 21:26:39.136 - Can't obtain procedure metadata nor jdbc metadata
2025-07-24 21:37:19.281 - SWT resource leak detected
java.lang.Error: SWT Resource was not properly disposed
	at org.eclipse.swt.graphics.Resource.initNonDisposeTracking(Resource.java:172)
	at org.eclipse.swt.graphics.Resource.<init>(Resource.java:120)
	at org.eclipse.swt.graphics.Image.<init>(Image.java:621)
	at org.eclipse.jface.resource.ImageDescriptor.createImage(ImageDescriptor.java:340)
	at org.eclipse.jface.resource.ImageDescriptor.createImage(ImageDescriptor.java:289)
	at org.eclipse.jface.resource.ImageDescriptor.createImage(ImageDescriptor.java:267)
	at org.jkiss.dbeaver.ui.DBeaverIcons.getCompositeIcon(DBeaverIcons.java:170)
	at org.jkiss.dbeaver.ui.DBeaverIcons.getIconDescriptor(DBeaverIcons.java:122)
	at org.jkiss.dbeaver.ui.DBeaverIcons.getImage(DBeaverIcons.java:94)
	at org.jkiss.dbeaver.ui.editors.sql.SQLEditor.refreshEditorIconAndTitle(SQLEditor.java:3101)
	at org.jkiss.dbeaver.ui.editors.sql.SQLEditor.onDataSourceChange(SQLEditor.java:3016)
	at org.jkiss.dbeaver.ui.editors.sql.SQLEditor.lambda$32(SQLEditor.java:3263)
	at org.eclipse.swt.widgets.RunnableLock.run(RunnableLock.java:40)
	at org.eclipse.swt.widgets.Synchronizer.runAsyncMessages(Synchronizer.java:132)
	at org.eclipse.swt.widgets.Display.runAsyncMessages(Display.java:4099)
	at org.eclipse.swt.widgets.Display.readAndDispatch(Display.java:3715)
	at org.eclipse.e4.ui.internal.workbench.swt.PartRenderingEngine$5.run(PartRenderingEngine.java:1151)
	at org.eclipse.core.databinding.observable.Realm.runWithDefault(Realm.java:339)
	at org.eclipse.e4.ui.internal.workbench.swt.PartRenderingEngine.run(PartRenderingEngine.java:1042)
	at org.eclipse.e4.ui.internal.workbench.E4Workbench.createAndRunUI(E4Workbench.java:153)
	at org.eclipse.ui.internal.Workbench.lambda$3(Workbench.java:639)
	at org.eclipse.core.databinding.observable.Realm.runWithDefault(Realm.java:339)
	at org.eclipse.ui.internal.Workbench.createAndRunWorkbench(Workbench.java:546)
	at org.eclipse.ui.PlatformUI.createAndRunWorkbench(PlatformUI.java:173)
	at org.jkiss.dbeaver.ui.app.standalone.DBeaverApplication.start(DBeaverApplication.java:293)
	at org.eclipse.equinox.internal.app.EclipseAppHandle.run(EclipseAppHandle.java:208)
	at org.eclipse.core.runtime.internal.adaptor.EclipseAppLauncher.runApplication(EclipseAppLauncher.java:143)
	at org.eclipse.core.runtime.internal.adaptor.EclipseAppLauncher.start(EclipseAppLauncher.java:109)
	at org.eclipse.core.runtime.adaptor.EclipseStarter.run(EclipseStarter.java:439)
	at org.eclipse.core.runtime.adaptor.EclipseStarter.run(EclipseStarter.java:271)
	at java.base/jdk.internal.reflect.NativeMethodAccessorImpl.invoke0(Native Method)
	at java.base/jdk.internal.reflect.NativeMethodAccessorImpl.invoke(Unknown Source)
	at java.base/jdk.internal.reflect.DelegatingMethodAccessorImpl.invoke(Unknown Source)
	at java.base/java.lang.reflect.Method.invoke(Unknown Source)
	at org.jkiss.dbeaver.launcher.DBeaverLauncher.invokeFramework(DBeaverLauncher.java:650)
	at org.jkiss.dbeaver.launcher.DBeaverLauncher.basicRun(DBeaverLauncher.java:610)
	at org.jkiss.dbeaver.launcher.DBeaverLauncher.run(DBeaverLauncher.java:1461)
2025-07-24 21:50:57.524 - Error binding callable statement parameters from metadata: 지원되지 않는 기능입니다
2025-07-24 21:50:57.524 - Error obtaining output parameters from metadata: 지원되지 않는 기능입니다
2025-07-24 21:50:57.524 - Can't obtain procedure metadata nor jdbc metadata
2025-07-24 21:50:57.597 - SQL Error [950] [42000]: ORA-00950: invalid DROP option


Error position: line: 79 pos: 5
org.jkiss.dbeaver.model.sql.DBSQLException: SQL Error [950] [42000]: ORA-00950: invalid DROP option

	at org.jkiss.dbeaver.model.impl.jdbc.exec.JDBCStatementImpl.executeStatement(JDBCStatementImpl.java:130)
	at org.jkiss.dbeaver.ui.editors.sql.execute.SQLQueryJob.executeStatement(SQLQueryJob.java:631)
	at org.jkiss.dbeaver.ui.editors.sql.execute.SQLQueryJob.lambda$2(SQLQueryJob.java:522)
	at org.jkiss.dbeaver.model.exec.DBExecUtils.tryExecuteRecover(DBExecUtils.java:192)
	at org.jkiss.dbeaver.ui.editors.sql.execute.SQLQueryJob.executeSingleQuery(SQLQueryJob.java:541)
	at org.jkiss.dbeaver.ui.editors.sql.execute.SQLQueryJob.extractData(SQLQueryJob.java:1016)
	at org.jkiss.dbeaver.ui.editors.sql.SQLEditor$QueryResultsContainer.readData(SQLEditor.java:4273)
	at org.jkiss.dbeaver.ui.controls.resultset.ResultSetJobDataRead.lambda$0(ResultSetJobDataRead.java:128)
	at org.jkiss.dbeaver.model.exec.DBExecUtils.tryExecuteRecover(DBExecUtils.java:192)
	at org.jkiss.dbeaver.ui.controls.resultset.ResultSetJobDataRead.run(ResultSetJobDataRead.java:126)
	at org.jkiss.dbeaver.ui.controls.resultset.ResultSetViewer$ResultSetDataPumpJob.run(ResultSetViewer.java:5166)
	at org.jkiss.dbeaver.model.runtime.AbstractJob.run(AbstractJob.java:119)
	at org.eclipse.core.internal.jobs.Worker.run(Worker.java:63)
Caused by: java.sql.SQLSyntaxErrorException: ORA-00950: invalid DROP option

	at oracle.jdbc.driver.T4CTTIoer.processError(T4CTTIoer.java:440)
	at oracle.jdbc.driver.T4CTTIoer.processError(T4CTTIoer.java:396)
	at oracle.jdbc.driver.T4C8Oall.processError(T4C8Oall.java:837)
	at oracle.jdbc.driver.T4CTTIfun.receive(T4CTTIfun.java:445)
	at oracle.jdbc.driver.T4CTTIfun.doRPC(T4CTTIfun.java:191)
	at oracle.jdbc.driver.T4C8Oall.doOALL(T4C8Oall.java:523)
	at oracle.jdbc.driver.T4CStatement.doOall8(T4CStatement.java:193)
	at oracle.jdbc.driver.T4CStatement.executeForRows(T4CStatement.java:999)
	at oracle.jdbc.driver.OracleStatement.doExecuteWithTimeout(OracleStatement.java:1315)
	at oracle.jdbc.driver.OracleStatement.executeInternal(OracleStatement.java:1890)
	at oracle.jdbc.driver.OracleStatement.execute(OracleStatement.java:1855)
	at oracle.jdbc.driver.OracleStatementWrapper.execute(OracleStatementWrapper.java:304)
	at org.jkiss.dbeaver.model.impl.jdbc.exec.JDBCStatementImpl.execute(JDBCStatementImpl.java:344)
	at org.jkiss.dbeaver.model.impl.jdbc.exec.JDBCStatementImpl.executeStatement(JDBCStatementImpl.java:128)
	... 12 more
2025-07-24 21:51:23.735 - Error binding callable statement parameters from metadata: 지원되지 않는 기능입니다
2025-07-24 21:51:23.735 - Error obtaining output parameters from metadata: 지원되지 않는 기능입니다
2025-07-24 21:51:23.735 - Can't obtain procedure metadata nor jdbc metadata
2025-07-24 21:51:23.792 - SQL Error [950] [42000]: ORA-00950: invalid DROP option


Error position: line: 79 pos: 5
org.jkiss.dbeaver.model.sql.DBSQLException: SQL Error [950] [42000]: ORA-00950: invalid DROP option

	at org.jkiss.dbeaver.model.impl.jdbc.exec.JDBCStatementImpl.executeStatement(JDBCStatementImpl.java:130)
	at org.jkiss.dbeaver.ui.editors.sql.execute.SQLQueryJob.executeStatement(SQLQueryJob.java:631)
	at org.jkiss.dbeaver.ui.editors.sql.execute.SQLQueryJob.lambda$2(SQLQueryJob.java:522)
	at org.jkiss.dbeaver.model.exec.DBExecUtils.tryExecuteRecover(DBExecUtils.java:192)
	at org.jkiss.dbeaver.ui.editors.sql.execute.SQLQueryJob.executeSingleQuery(SQLQueryJob.java:541)
	at org.jkiss.dbeaver.ui.editors.sql.execute.SQLQueryJob.extractData(SQLQueryJob.java:1016)
	at org.jkiss.dbeaver.ui.editors.sql.SQLEditor$QueryResultsContainer.readData(SQLEditor.java:4273)
	at org.jkiss.dbeaver.ui.controls.resultset.ResultSetJobDataRead.lambda$0(ResultSetJobDataRead.java:128)
	at org.jkiss.dbeaver.model.exec.DBExecUtils.tryExecuteRecover(DBExecUtils.java:192)
	at org.jkiss.dbeaver.ui.controls.resultset.ResultSetJobDataRead.run(ResultSetJobDataRead.java:126)
	at org.jkiss.dbeaver.ui.controls.resultset.ResultSetViewer$ResultSetDataPumpJob.run(ResultSetViewer.java:5166)
	at org.jkiss.dbeaver.model.runtime.AbstractJob.run(AbstractJob.java:119)
	at org.eclipse.core.internal.jobs.Worker.run(Worker.java:63)
Caused by: java.sql.SQLSyntaxErrorException: ORA-00950: invalid DROP option

	at oracle.jdbc.driver.T4CTTIoer.processError(T4CTTIoer.java:440)
	at oracle.jdbc.driver.T4CTTIoer.processError(T4CTTIoer.java:396)
	at oracle.jdbc.driver.T4C8Oall.processError(T4C8Oall.java:837)
	at oracle.jdbc.driver.T4CTTIfun.receive(T4CTTIfun.java:445)
	at oracle.jdbc.driver.T4CTTIfun.doRPC(T4CTTIfun.java:191)
	at oracle.jdbc.driver.T4C8Oall.doOALL(T4C8Oall.java:523)
	at oracle.jdbc.driver.T4CStatement.doOall8(T4CStatement.java:193)
	at oracle.jdbc.driver.T4CStatement.executeForRows(T4CStatement.java:999)
	at oracle.jdbc.driver.OracleStatement.doExecuteWithTimeout(OracleStatement.java:1315)
	at oracle.jdbc.driver.OracleStatement.executeInternal(OracleStatement.java:1890)
	at oracle.jdbc.driver.OracleStatement.execute(OracleStatement.java:1855)
	at oracle.jdbc.driver.OracleStatementWrapper.execute(OracleStatementWrapper.java:304)
	at org.jkiss.dbeaver.model.impl.jdbc.exec.JDBCStatementImpl.execute(JDBCStatementImpl.java:344)
	at org.jkiss.dbeaver.model.impl.jdbc.exec.JDBCStatementImpl.executeStatement(JDBCStatementImpl.java:128)
	... 12 more
2025-07-24 21:53:06.129 - Table 'seq_user_no' not found in metadata catalog
2025-07-24 21:53:09.149 - SQL Error [911] [22019]: ORA-00911: invalid character

org.jkiss.dbeaver.model.sql.DBSQLException: SQL Error [911] [22019]: ORA-00911: invalid character

	at org.jkiss.dbeaver.model.impl.jdbc.exec.JDBCStatementImpl.executeStatement(JDBCStatementImpl.java:130)
	at org.jkiss.dbeaver.ui.editors.sql.execute.SQLQueryJob.executeStatement(SQLQueryJob.java:631)
	at org.jkiss.dbeaver.ui.editors.sql.execute.SQLQueryJob.lambda$2(SQLQueryJob.java:522)
	at org.jkiss.dbeaver.model.exec.DBExecUtils.tryExecuteRecover(DBExecUtils.java:192)
	at org.jkiss.dbeaver.ui.editors.sql.execute.SQLQueryJob.executeSingleQuery(SQLQueryJob.java:541)
	at org.jkiss.dbeaver.ui.editors.sql.execute.SQLQueryJob.extractData(SQLQueryJob.java:1016)
	at org.jkiss.dbeaver.ui.editors.sql.SQLEditor$QueryResultsContainer.readData(SQLEditor.java:4273)
	at org.jkiss.dbeaver.ui.controls.resultset.ResultSetJobDataRead.lambda$0(ResultSetJobDataRead.java:128)
	at org.jkiss.dbeaver.model.exec.DBExecUtils.tryExecuteRecover(DBExecUtils.java:192)
	at org.jkiss.dbeaver.ui.controls.resultset.ResultSetJobDataRead.run(ResultSetJobDataRead.java:126)
	at org.jkiss.dbeaver.ui.controls.resultset.ResultSetViewer$ResultSetDataPumpJob.run(ResultSetViewer.java:5166)
	at org.jkiss.dbeaver.model.runtime.AbstractJob.run(AbstractJob.java:119)
	at org.eclipse.core.internal.jobs.Worker.run(Worker.java:63)
Caused by: java.sql.SQLSyntaxErrorException: ORA-00911: invalid character

	at oracle.jdbc.driver.T4CTTIoer.processError(T4CTTIoer.java:440)
	at oracle.jdbc.driver.T4CTTIoer.processError(T4CTTIoer.java:396)
	at oracle.jdbc.driver.T4C8Oall.processError(T4C8Oall.java:837)
	at oracle.jdbc.driver.T4CTTIfun.receive(T4CTTIfun.java:445)
	at oracle.jdbc.driver.T4CTTIfun.doRPC(T4CTTIfun.java:191)
	at oracle.jdbc.driver.T4C8Oall.doOALL(T4C8Oall.java:523)
	at oracle.jdbc.driver.T4CStatement.doOall8(T4CStatement.java:193)
	at oracle.jdbc.driver.T4CStatement.executeForDescribe(T4CStatement.java:848)
	at oracle.jdbc.driver.OracleStatement.executeMaybeDescribe(OracleStatement.java:1153)
	at oracle.jdbc.driver.OracleStatement.doExecuteWithTimeout(OracleStatement.java:1275)
	at oracle.jdbc.driver.OracleStatement.executeInternal(OracleStatement.java:1890)
	at oracle.jdbc.driver.OracleStatement.execute(OracleStatement.java:1855)
	at oracle.jdbc.driver.OracleStatementWrapper.execute(OracleStatementWrapper.java:304)
	at org.jkiss.dbeaver.model.impl.jdbc.exec.JDBCStatementImpl.execute(JDBCStatementImpl.java:344)
	at org.jkiss.dbeaver.model.impl.jdbc.exec.JDBCStatementImpl.executeStatement(JDBCStatementImpl.java:128)
	... 12 more
2025-07-24 21:53:17.134 - Table 'seq_user_no' not found in metadata catalog
2025-07-24 23:17:54.672 - Execution context opened (localhost; SQLEditor <Script-1.sql>; 11)
2025-07-24 23:17:54.675 - Core Exception caught while reading saved collapsed folding positions
org.eclipse.core.internal.resources.ResourceException(/day04/Scripts/Script-1.sql)[368]: java.lang.Exception: Resource '/day04/Scripts/Script-1.sql' does not exist.
	at org.eclipse.core.internal.resources.ResourceException.provideStackTrace(ResourceException.java:42)
	at org.eclipse.core.internal.resources.ResourceException.<init>(ResourceException.java:38)
	at org.eclipse.core.internal.resources.Resource.checkExists(Resource.java:364)
	at org.eclipse.core.internal.resources.Resource.checkAccessible(Resource.java:238)
	at org.eclipse.core.internal.resources.Resource.checkAccessibleAndLocal(Resource.java:244)
	at org.eclipse.core.internal.resources.Resource.getPersistentProperty(Resource.java:1167)
	at org.jkiss.dbeaver.ui.editors.sql.syntax.SQLReconcilingStrategy.getSavedCollapsedAnnotationsOffsets(SQLReconcilingStrategy.java:126)
	at org.jkiss.dbeaver.ui.editors.sql.syntax.SQLReconcilingStrategy.reconcile(SQLReconcilingStrategy.java:250)
	at org.jkiss.dbeaver.ui.editors.sql.syntax.SQLReconcilingStrategy.onDataSourceChange(SQLReconcilingStrategy.java:188)
	at org.jkiss.dbeaver.ui.editors.sql.SQLEditorSourceViewerConfiguration.onDataSourceChange(SQLEditorSourceViewerConfiguration.java:433)
	at org.jkiss.dbeaver.ui.editors.sql.SQLEditorBase.reloadSyntaxRules(SQLEditorBase.java:891)
	at org.jkiss.dbeaver.ui.editors.sql.SQLEditor.reloadSyntaxRules(SQLEditor.java:3497)
	at org.jkiss.dbeaver.ui.editors.sql.SQLEditor.onDataSourceChange(SQLEditor.java:2994)
	at org.jkiss.dbeaver.ui.editors.sql.SQLEditor.onDataSourceChange(SQLEditor.java:2989)
	at org.eclipse.swt.widgets.Synchronizer.syncExec(Synchronizer.java:183)
	at org.eclipse.ui.internal.UISynchronizer.syncExec(UISynchronizer.java:133)
	at org.eclipse.swt.widgets.Display.syncExec(Display.java:4855)
	at org.jkiss.dbeaver.ui.UIUtils.syncExec(UIUtils.java:1954)
	at org.jkiss.dbeaver.ui.editors.sql.SQLEditor.fireDataSourceChange(SQLEditor.java:2985)
	at org.jkiss.dbeaver.ui.editors.sql.SQLEditor.setDataSourceContainer(SQLEditor.java:481)
	at org.jkiss.dbeaver.ui.editors.sql.SQLEditor.updateDataSourceContainer(SQLEditor.java:511)
	at org.jkiss.dbeaver.ui.editors.sql.SQLEditor.doSave(SQLEditor.java:3325)
	at org.eclipse.ui.texteditor.AbstractTextEditor$TextEditorSavable.doSave(AbstractTextEditor.java:7237)
	at org.eclipse.ui.Saveable.doSave(Saveable.java:213)
	at org.eclipse.ui.internal.SaveableHelper.doSaveModel(SaveableHelper.java:317)
	at org.eclipse.ui.internal.SaveableHelper.lambda$1(SaveableHelper.java:195)
	at org.eclipse.ui.internal.SaveableHelper.lambda$3(SaveableHelper.java:261)
	at org.eclipse.jface.operation.ModalContext.runInCurrentThread(ModalContext.java:434)
	at org.eclipse.jface.operation.ModalContext.run(ModalContext.java:354)
	at org.eclipse.ui.internal.WorkbenchWindow.lambda$7(WorkbenchWindow.java:2341)
	at org.eclipse.swt.custom.BusyIndicator.showWhile(BusyIndicator.java:67)
	at org.eclipse.ui.internal.WorkbenchWindow.run(WorkbenchWindow.java:2338)
	at org.eclipse.ui.internal.SaveableHelper.runProgressMonitorOperation(SaveableHelper.java:268)
	at org.eclipse.ui.internal.SaveableHelper.saveModels(SaveableHelper.java:206)
	at org.eclipse.ui.internal.SaveableHelper.savePart(SaveableHelper.java:150)
	at org.jkiss.dbeaver.ui.app.standalone.ApplicationWorkbenchAdvisor.closeOpenEditors(ApplicationWorkbenchAdvisor.java:445)
	at org.jkiss.dbeaver.ui.app.standalone.ApplicationWorkbenchAdvisor.saveAndCleanup(ApplicationWorkbenchAdvisor.java:406)
	at org.jkiss.dbeaver.ui.app.standalone.ApplicationWorkbenchAdvisor.preShutdown(ApplicationWorkbenchAdvisor.java:372)
	at org.eclipse.ui.internal.Workbench.busyClose(Workbench.java:1056)
	at org.eclipse.ui.internal.Workbench.lambda$4(Workbench.java:1414)
	at org.eclipse.swt.custom.BusyIndicator.showWhile(BusyIndicator.java:67)
	at org.eclipse.ui.internal.Workbench.close(Workbench.java:1414)
	at org.eclipse.ui.internal.Workbench.close(Workbench.java:1385)
	at org.eclipse.ui.internal.Workbench.lambda$16(Workbench.java:2810)
	at org.eclipse.swt.widgets.EventTable.sendEvent(EventTable.java:91)
	at org.eclipse.swt.widgets.Display.sendEvent(Display.java:4326)
	at org.eclipse.swt.widgets.Display.sendEvent(Display.java:4318)
	at org.eclipse.swt.widgets.Display.messageProc(Display.java:3324)
	at org.eclipse.swt.internal.win32.OS.DefWindowProc(Native Method)
	at org.eclipse.swt.widgets.Shell.callWindowProc(Shell.java:512)
	at org.eclipse.swt.widgets.Control.windowProc(Control.java:4828)
	at org.eclipse.swt.widgets.Canvas.windowProc(Canvas.java:342)
	at org.eclipse.swt.widgets.Decorations.windowProc(Decorations.java:1482)
	at org.eclipse.swt.widgets.Shell.windowProc(Shell.java:2311)
	at org.eclipse.swt.widgets.Display.windowProc(Display.java:5091)
	at org.eclipse.swt.internal.win32.OS.PeekMessage(Native Method)
	at org.eclipse.swt.widgets.Display.readAndDispatch(Display.java:3707)
	at org.eclipse.e4.ui.internal.workbench.swt.PartRenderingEngine$5.run(PartRenderingEngine.java:1151)
	at org.eclipse.core.databinding.observable.Realm.runWithDefault(Realm.java:339)
	at org.eclipse.e4.ui.internal.workbench.swt.PartRenderingEngine.run(PartRenderingEngine.java:1042)
	at org.eclipse.e4.ui.internal.workbench.E4Workbench.createAndRunUI(E4Workbench.java:153)
	at org.eclipse.ui.internal.Workbench.lambda$3(Workbench.java:639)
	at org.eclipse.core.databinding.observable.Realm.runWithDefault(Realm.java:339)
	at org.eclipse.ui.internal.Workbench.createAndRunWorkbench(Workbench.java:546)
	at org.eclipse.ui.PlatformUI.createAndRunWorkbench(PlatformUI.java:173)
	at org.jkiss.dbeaver.ui.app.standalone.DBeaverApplication.start(DBeaverApplication.java:293)
	at org.eclipse.equinox.internal.app.EclipseAppHandle.run(EclipseAppHandle.java:208)
	at org.eclipse.core.runtime.internal.adaptor.EclipseAppLauncher.runApplication(EclipseAppLauncher.java:143)
	at org.eclipse.core.runtime.internal.adaptor.EclipseAppLauncher.start(EclipseAppLauncher.java:109)
	at org.eclipse.core.runtime.adaptor.EclipseStarter.run(EclipseStarter.java:439)
	at org.eclipse.core.runtime.adaptor.EclipseStarter.run(EclipseStarter.java:271)
	at java.base/jdk.internal.reflect.NativeMethodAccessorImpl.invoke0(Native Method)
	at java.base/jdk.internal.reflect.NativeMethodAccessorImpl.invoke(Unknown Source)
	at java.base/jdk.internal.reflect.DelegatingMethodAccessorImpl.invoke(Unknown Source)
	at java.base/java.lang.reflect.Method.invoke(Unknown Source)
	at org.jkiss.dbeaver.launcher.DBeaverLauncher.invokeFramework(DBeaverLauncher.java:650)
	at org.jkiss.dbeaver.launcher.DBeaverLauncher.basicRun(DBeaverLauncher.java:610)
	at org.jkiss.dbeaver.launcher.DBeaverLauncher.run(DBeaverLauncher.java:1461)
2025-07-24 23:17:54.683 - Execution context closed (localhost 2, 10)
2025-07-24 23:17:54.803 - Core Exception caught while reading saved collapsed folding positions
org.eclipse.core.internal.resources.ResourceException(/day04/Scripts/Script-1.sql)[368]: java.lang.Exception: Resource '/day04/Scripts/Script-1.sql' does not exist.
	at org.eclipse.core.internal.resources.ResourceException.provideStackTrace(ResourceException.java:42)
	at org.eclipse.core.internal.resources.ResourceException.<init>(ResourceException.java:38)
	at org.eclipse.core.internal.resources.Resource.checkExists(Resource.java:364)
	at org.eclipse.core.internal.resources.Resource.checkAccessible(Resource.java:238)
	at org.eclipse.core.internal.resources.Resource.checkAccessibleAndLocal(Resource.java:244)
	at org.eclipse.core.internal.resources.Resource.getPersistentProperty(Resource.java:1167)
	at org.jkiss.dbeaver.ui.editors.sql.syntax.SQLReconcilingStrategy.getSavedCollapsedAnnotationsOffsets(SQLReconcilingStrategy.java:126)
	at org.jkiss.dbeaver.ui.editors.sql.syntax.SQLReconcilingStrategy.reconcile(SQLReconcilingStrategy.java:250)
	at org.jkiss.dbeaver.ui.editors.sql.syntax.SQLReconcilingStrategy.onDataSourceChange(SQLReconcilingStrategy.java:188)
	at org.jkiss.dbeaver.ui.editors.sql.SQLEditorSourceViewerConfiguration.onDataSourceChange(SQLEditorSourceViewerConfiguration.java:433)
	at org.jkiss.dbeaver.ui.editors.sql.SQLEditorBase.reloadSyntaxRules(SQLEditorBase.java:891)
	at org.jkiss.dbeaver.ui.editors.sql.SQLEditor.reloadSyntaxRules(SQLEditor.java:3497)
	at org.jkiss.dbeaver.ui.editors.sql.SQLEditor.onDataSourceChange(SQLEditor.java:2994)
	at org.jkiss.dbeaver.ui.editors.sql.SQLEditor.onDataSourceChange(SQLEditor.java:2989)
	at org.eclipse.ui.internal.PendingSyncExec.run(PendingSyncExec.java:68)
	at org.eclipse.ui.internal.UILockListener.doPendingWork(UILockListener.java:166)
	at org.eclipse.swt.widgets.RunnableLock.run(RunnableLock.java:40)
	at org.eclipse.swt.widgets.Synchronizer.runAsyncMessages(Synchronizer.java:132)
	at org.eclipse.swt.widgets.Display.runAsyncMessages(Display.java:4099)
	at org.eclipse.swt.widgets.Display.readAndDispatch(Display.java:3715)
	at org.eclipse.e4.ui.internal.workbench.swt.PartRenderingEngine$5.run(PartRenderingEngine.java:1151)
	at org.eclipse.core.databinding.observable.Realm.runWithDefault(Realm.java:339)
	at org.eclipse.e4.ui.internal.workbench.swt.PartRenderingEngine.run(PartRenderingEngine.java:1042)
	at org.eclipse.e4.ui.internal.workbench.E4Workbench.createAndRunUI(E4Workbench.java:153)
	at org.eclipse.ui.internal.Workbench.lambda$3(Workbench.java:639)
	at org.eclipse.core.databinding.observable.Realm.runWithDefault(Realm.java:339)
	at org.eclipse.ui.internal.Workbench.createAndRunWorkbench(Workbench.java:546)
	at org.eclipse.ui.PlatformUI.createAndRunWorkbench(PlatformUI.java:173)
	at org.jkiss.dbeaver.ui.app.standalone.DBeaverApplication.start(DBeaverApplication.java:293)
	at org.eclipse.equinox.internal.app.EclipseAppHandle.run(EclipseAppHandle.java:208)
	at org.eclipse.core.runtime.internal.adaptor.EclipseAppLauncher.runApplication(EclipseAppLauncher.java:143)
	at org.eclipse.core.runtime.internal.adaptor.EclipseAppLauncher.start(EclipseAppLauncher.java:109)
	at org.eclipse.core.runtime.adaptor.EclipseStarter.run(EclipseStarter.java:439)
	at org.eclipse.core.runtime.adaptor.EclipseStarter.run(EclipseStarter.java:271)
	at java.base/jdk.internal.reflect.NativeMethodAccessorImpl.invoke0(Native Method)
	at java.base/jdk.internal.reflect.NativeMethodAccessorImpl.invoke(Unknown Source)
	at java.base/jdk.internal.reflect.DelegatingMethodAccessorImpl.invoke(Unknown Source)
	at java.base/java.lang.reflect.Method.invoke(Unknown Source)
	at org.jkiss.dbeaver.launcher.DBeaverLauncher.invokeFramework(DBeaverLauncher.java:650)
	at org.jkiss.dbeaver.launcher.DBeaverLauncher.basicRun(DBeaverLauncher.java:610)
	at org.jkiss.dbeaver.launcher.DBeaverLauncher.run(DBeaverLauncher.java:1461)
2025-07-24 23:17:54.842 - Core Exception caught while reading saved collapsed folding positions
org.eclipse.core.internal.resources.ResourceException(/day04/Scripts/Script-1.sql)[368]: java.lang.Exception: Resource '/day04/Scripts/Script-1.sql' does not exist.
	at org.eclipse.core.internal.resources.ResourceException.provideStackTrace(ResourceException.java:42)
	at org.eclipse.core.internal.resources.ResourceException.<init>(ResourceException.java:38)
	at org.eclipse.core.internal.resources.Resource.checkExists(Resource.java:364)
	at org.eclipse.core.internal.resources.Resource.checkAccessible(Resource.java:238)
	at org.eclipse.core.internal.resources.Resource.checkAccessibleAndLocal(Resource.java:244)
	at org.eclipse.core.internal.resources.Resource.getPersistentProperty(Resource.java:1167)
	at org.jkiss.dbeaver.ui.editors.sql.syntax.SQLReconcilingStrategy.getSavedCollapsedAnnotationsOffsets(SQLReconcilingStrategy.java:126)
	at org.jkiss.dbeaver.ui.editors.sql.syntax.SQLReconcilingStrategy.reconcile(SQLReconcilingStrategy.java:250)
	at org.jkiss.dbeaver.ui.editors.sql.syntax.SQLReconcilingStrategy.onDataSourceChange(SQLReconcilingStrategy.java:188)
	at org.jkiss.dbeaver.ui.editors.sql.SQLEditorSourceViewerConfiguration.onDataSourceChange(SQLEditorSourceViewerConfiguration.java:433)
	at org.jkiss.dbeaver.ui.editors.sql.SQLEditorBase.reloadSyntaxRules(SQLEditorBase.java:891)
	at org.jkiss.dbeaver.ui.editors.sql.SQLEditor.reloadSyntaxRules(SQLEditor.java:3497)
	at org.jkiss.dbeaver.ui.editors.sql.SQLEditor.onDataSourceChange(SQLEditor.java:2994)
	at org.jkiss.dbeaver.ui.editors.sql.SQLEditor.lambda$32(SQLEditor.java:3263)
	at org.eclipse.swt.widgets.RunnableLock.run(RunnableLock.java:40)
	at org.eclipse.swt.widgets.Synchronizer.runAsyncMessages(Synchronizer.java:132)
	at org.eclipse.swt.widgets.Display.runAsyncMessages(Display.java:4099)
	at org.eclipse.swt.widgets.Display.readAndDispatch(Display.java:3715)
	at org.eclipse.e4.ui.internal.workbench.swt.PartRenderingEngine$5.run(PartRenderingEngine.java:1151)
	at org.eclipse.core.databinding.observable.Realm.runWithDefault(Realm.java:339)
	at org.eclipse.e4.ui.internal.workbench.swt.PartRenderingEngine.run(PartRenderingEngine.java:1042)
	at org.eclipse.e4.ui.internal.workbench.E4Workbench.createAndRunUI(E4Workbench.java:153)
	at org.eclipse.ui.internal.Workbench.lambda$3(Workbench.java:639)
	at org.eclipse.core.databinding.observable.Realm.runWithDefault(Realm.java:339)
	at org.eclipse.ui.internal.Workbench.createAndRunWorkbench(Workbench.java:546)
	at org.eclipse.ui.PlatformUI.createAndRunWorkbench(PlatformUI.java:173)
	at org.jkiss.dbeaver.ui.app.standalone.DBeaverApplication.start(DBeaverApplication.java:293)
	at org.eclipse.equinox.internal.app.EclipseAppHandle.run(EclipseAppHandle.java:208)
	at org.eclipse.core.runtime.internal.adaptor.EclipseAppLauncher.runApplication(EclipseAppLauncher.java:143)
	at org.eclipse.core.runtime.internal.adaptor.EclipseAppLauncher.start(EclipseAppLauncher.java:109)
	at org.eclipse.core.runtime.adaptor.EclipseStarter.run(EclipseStarter.java:439)
	at org.eclipse.core.runtime.adaptor.EclipseStarter.run(EclipseStarter.java:271)
	at java.base/jdk.internal.reflect.NativeMethodAccessorImpl.invoke0(Native Method)
	at java.base/jdk.internal.reflect.NativeMethodAccessorImpl.invoke(Unknown Source)
	at java.base/jdk.internal.reflect.DelegatingMethodAccessorImpl.invoke(Unknown Source)
	at java.base/java.lang.reflect.Method.invoke(Unknown Source)
	at org.jkiss.dbeaver.launcher.DBeaverLauncher.invokeFramework(DBeaverLauncher.java:650)
	at org.jkiss.dbeaver.launcher.DBeaverLauncher.basicRun(DBeaverLauncher.java:610)
	at org.jkiss.dbeaver.launcher.DBeaverLauncher.run(DBeaverLauncher.java:1461)
2025-07-24 23:17:55.220 - Error deleting problem markers
org.eclipse.core.internal.resources.ResourceException(/day04/Scripts/Script-1.sql)[368]: java.lang.Exception: Resource '/day04/Scripts/Script-1.sql' does not exist.
	at org.eclipse.core.internal.resources.ResourceException.provideStackTrace(ResourceException.java:42)
	at org.eclipse.core.internal.resources.ResourceException.<init>(ResourceException.java:38)
	at org.eclipse.core.internal.resources.Resource.checkExists(Resource.java:364)
	at org.eclipse.core.internal.resources.Resource.checkAccessible(Resource.java:238)
	at org.eclipse.core.internal.resources.Resource.deleteMarkers(Resource.java:842)
	at org.jkiss.dbeaver.ui.editors.sql.semantics.SQLEditorSemanticMarkersManager.updateMarkers(SQLEditorSemanticMarkersManager.java:119)
	at org.jkiss.dbeaver.ui.editors.sql.semantics.SQLEditorSemanticMarkersManager$3.runInUIThread(SQLEditorSemanticMarkersManager.java:86)
	at org.jkiss.dbeaver.ui.AbstractUIJob.runInUIThread(AbstractUIJob.java:41)
	at org.eclipse.ui.progress.UIJob.lambda$0(UIJob.java:148)
	at org.eclipse.swt.widgets.RunnableLock.run(RunnableLock.java:40)
	at org.eclipse.swt.widgets.Synchronizer.runAsyncMessages(Synchronizer.java:132)
	at org.eclipse.swt.widgets.Display.runAsyncMessages(Display.java:4099)
	at org.eclipse.swt.widgets.Display.readAndDispatch(Display.java:3715)
	at org.eclipse.e4.ui.internal.workbench.swt.PartRenderingEngine$5.run(PartRenderingEngine.java:1151)
	at org.eclipse.core.databinding.observable.Realm.runWithDefault(Realm.java:339)
	at org.eclipse.e4.ui.internal.workbench.swt.PartRenderingEngine.run(PartRenderingEngine.java:1042)
	at org.eclipse.e4.ui.internal.workbench.E4Workbench.createAndRunUI(E4Workbench.java:153)
	at org.eclipse.ui.internal.Workbench.lambda$3(Workbench.java:639)
	at org.eclipse.core.databinding.observable.Realm.runWithDefault(Realm.java:339)
	at org.eclipse.ui.internal.Workbench.createAndRunWorkbench(Workbench.java:546)
	at org.eclipse.ui.PlatformUI.createAndRunWorkbench(PlatformUI.java:173)
	at org.jkiss.dbeaver.ui.app.standalone.DBeaverApplication.start(DBeaverApplication.java:293)
	at org.eclipse.equinox.internal.app.EclipseAppHandle.run(EclipseAppHandle.java:208)
	at org.eclipse.core.runtime.internal.adaptor.EclipseAppLauncher.runApplication(EclipseAppLauncher.java:143)
	at org.eclipse.core.runtime.internal.adaptor.EclipseAppLauncher.start(EclipseAppLauncher.java:109)
	at org.eclipse.core.runtime.adaptor.EclipseStarter.run(EclipseStarter.java:439)
	at org.eclipse.core.runtime.adaptor.EclipseStarter.run(EclipseStarter.java:271)
	at java.base/jdk.internal.reflect.NativeMethodAccessorImpl.invoke0(Native Method)
	at java.base/jdk.internal.reflect.NativeMethodAccessorImpl.invoke(Unknown Source)
	at java.base/jdk.internal.reflect.DelegatingMethodAccessorImpl.invoke(Unknown Source)
	at java.base/java.lang.reflect.Method.invoke(Unknown Source)
	at org.jkiss.dbeaver.launcher.DBeaverLauncher.invokeFramework(DBeaverLauncher.java:650)
	at org.jkiss.dbeaver.launcher.DBeaverLauncher.basicRun(DBeaverLauncher.java:610)
	at org.jkiss.dbeaver.launcher.DBeaverLauncher.run(DBeaverLauncher.java:1461)
2025-07-24 23:18:00.619 - Execution context closed (localhost, 2)
2025-07-24 23:18:00.662 - Execution context closed (localhost, 11)
2025-07-24 23:18:00.724 - Execution context closed (localhost, 9)
2025-07-24 23:18:00.875 - Execution context opened (localhost; SQLEditor <Script-1.sql>; 12)
2025-07-24 23:18:00.956 - Dispose navigator model
2025-07-24 23:18:00.989 - DBeaver is stopping
2025-07-24 23:18:00.989 - Stop instance server
2025-07-24 23:18:01.995 - Instance server has been stopped
2025-07-24 23:18:01.996 - DBeaver shutdown completed
